SF:/Users/r/git/pulseengine/relay/coverage_subjects/geofence_subject_rs/src/lib.rs
FN:63,_RNvCs5iBt8Xc5v6k_19geofence_subject_rs5drive
FN:52,_RNvCs5iBt8Xc5v6k_19geofence_subject_rs5fence
FN:75,run_inside
FN:87,run_latched
FN:81,run_outside
FNDA:0,_RNvCs5iBt8Xc5v6k_19geofence_subject_rs5drive
FNDA:0,_RNvCs5iBt8Xc5v6k_19geofence_subject_rs5fence
FNDA:0,run_inside
FNDA:0,run_latched
FNDA:0,run_outside
FNF:5
FNH:0
DA:52,0
DA:53,0
DA:54,0
DA:55,0
DA:56,0
DA:63,0
DA:64,0
DA:65,0
DA:66,0
DA:67,0
DA:68,0
DA:69,0
DA:70,0
DA:71,0
DA:75,0
DA:76,0
DA:77,0
DA:81,0
DA:82,0
DA:83,0
DA:87,0
DA:88,0
DA:89,0
BRF:0
BRH:0
LF:23
LH:0
end_of_record
SF:/Users/r/git/pulseengine/relay/crates/relay-att/plain/src/lib.rs
FN:236,_RNvCs3LtHkcENt37_9relay_att18is_unit_quaternion
FN:204,_RNvCs3LtHkcENt37_9relay_att24sanitize_unit_quaternionB1_
FN:191,_RNvCs3LtHkcENt37_9relay_att8quat_mulB1_
FN:217,_RNvCs3LtHkcENt37_9relay_att8sqrt_f32
FN:126,_RNvMs1_Cs3LtHkcENt37_9relay_attNtB5_13AttController10last_q_err
FN:111,_RNvMs1_Cs3LtHkcENt37_9relay_attNtB5_13AttController10with_gains
FN:129,_RNvMs1_Cs3LtHkcENt37_9relay_attNtB5_13AttController13last_rate_cmd
FN:102,_RNvMs1_Cs3LtHkcENt37_9relay_attNtB5_13AttController3new
FN:142,_RNvMs1_Cs3LtHkcENt37_9relay_attNtB5_13AttController4tick
FN:123,_RNvMs1_Cs3LtHkcENt37_9relay_attNtB5_13AttController5gains
FN:132,_RNvMs1_Cs3LtHkcENt37_9relay_attNtB5_13AttController9last_time
FN:120,_RNvMs1_Cs3LtHkcENt37_9relay_attNtB5_13AttController9set_gains
FN:86,_RNvXs0_Cs3LtHkcENt37_9relay_attNtB5_8AttGainsNtNtCsl8K0bEFm1U0_4core7default7Default7default
FN:185,_RNvXs2_Cs3LtHkcENt37_9relay_attNtB5_13AttControllerNtNtCsl8K0bEFm1U0_4core7default7Default7default
FN:111,_RNvMs1_Cs30xmvRrMn41_9relay_attNtB5_13AttController10with_gains
FN:129,_RNvMs1_Cs30xmvRrMn41_9relay_attNtB5_13AttController13last_rate_cmd
FN:132,_RNvMs1_Cs30xmvRrMn41_9relay_attNtB5_13AttController9last_time
FN:120,_RNvMs1_Cs30xmvRrMn41_9relay_attNtB5_13AttController9set_gains
FN:86,_RNvXs0_Cs30xmvRrMn41_9relay_attNtB5_8AttGainsNtNtCsl8K0bEFm1U0_4core7default7Default7default
FN:185,_RNvXs2_Cs30xmvRrMn41_9relay_attNtB5_13AttControllerNtNtCsl8K0bEFm1U0_4core7default7Default7default
FN:400,_RNCNvNtCs30xmvRrMn41_9relay_att5tests19arb_unit_quaternion0B5_
FN:403,_RNCNvNtCs30xmvRrMn41_9relay_att5tests19arb_unit_quaternions_0B5_
FN:393,_RNvNtCs30xmvRrMn41_9relay_att5tests19arb_unit_quaternion
FN:248,_RNvNtCs30xmvRrMn41_9relay_att5tests2ts
FN:282,_RNvNtCs30xmvRrMn41_9relay_att5testss_32rate_command_clamped_to_rate_max
FN:341,_RNvNtCs30xmvRrMn41_9relay_att5testss_38att_p03_small_angle_within_one_percent
FN:382,_RNvNtCs30xmvRrMn41_9relay_att5testss_38sqrt_f32_matches_libm_within_tolerance
FN:368,_RNvNtCs30xmvRrMn41_9relay_att5testss_39degenerate_input_does_not_propagate_nan
FN:273,_RNvNtCs30xmvRrMn41_9relay_att5testss_44negative_roll_setpoint_gives_negative_x_rate
FN:254,_RNvNtCs30xmvRrMn41_9relay_att5testss_45identity_setpoint_at_identity_gives_zero_rate
FN:312,_RNvNtCs30xmvRrMn41_9relay_att5testss_46att_p01_shortest_arc_q_err_scalar_non_negative
FN:261,_RNvNtCs30xmvRrMn41_9relay_att5testss_46twenty_deg_roll_setpoint_gives_positive_x_rate
FN:300,_RNvNtCs30xmvRrMn41_9relay_att5testss_48att_p01_quaternion_error_is_unit_for_unit_inputs
FN:236,_RNvCs30xmvRrMn41_9relay_att18is_unit_quaternion
FN:204,_RNvCs30xmvRrMn41_9relay_att24sanitize_unit_quaternionB1_
FN:191,_RNvCs30xmvRrMn41_9relay_att8quat_mulB1_
FN:217,_RNvCs30xmvRrMn41_9relay_att8sqrt_f32
FN:126,_RNvMs1_Cs30xmvRrMn41_9relay_attNtB5_13AttController10last_q_err
FN:102,_RNvMs1_Cs30xmvRrMn41_9relay_attNtB5_13AttController3new
FN:142,_RNvMs1_Cs30xmvRrMn41_9relay_attNtB5_13AttController4tick
FN:123,_RNvMs1_Cs30xmvRrMn41_9relay_attNtB5_13AttController5gains
FNDA:0,_RNvCs3LtHkcENt37_9relay_att18is_unit_quaternion
FNDA:59000,_RNvCs3LtHkcENt37_9relay_att24sanitize_unit_quaternionB1_
FNDA:29500,_RNvCs3LtHkcENt37_9relay_att8quat_mulB1_
FNDA:59000,_RNvCs3LtHkcENt37_9relay_att8sqrt_f32
FNDA:0,_RNvMs1_Cs3LtHkcENt37_9relay_attNtB5_13AttController10last_q_err
FNDA:0,_RNvMs1_Cs3LtHkcENt37_9relay_attNtB5_13AttController10with_gains
FNDA:0,_RNvMs1_Cs3LtHkcENt37_9relay_attNtB5_13AttController13last_rate_cmd
FNDA:8,_RNvMs1_Cs3LtHkcENt37_9relay_attNtB5_13AttController3new
FNDA:29500,_RNvMs1_Cs3LtHkcENt37_9relay_attNtB5_13AttController4tick
FNDA:0,_RNvMs1_Cs3LtHkcENt37_9relay_attNtB5_13AttController5gains
FNDA:0,_RNvMs1_Cs3LtHkcENt37_9relay_attNtB5_13AttController9last_time
FNDA:0,_RNvMs1_Cs3LtHkcENt37_9relay_attNtB5_13AttController9set_gains
FNDA:0,_RNvXs0_Cs3LtHkcENt37_9relay_attNtB5_8AttGainsNtNtCsl8K0bEFm1U0_4core7default7Default7default
FNDA:0,_RNvXs2_Cs3LtHkcENt37_9relay_attNtB5_13AttControllerNtNtCsl8K0bEFm1U0_4core7default7Default7default
FNDA:0,_RNvMs1_Cs30xmvRrMn41_9relay_attNtB5_13AttController10with_gains
FNDA:0,_RNvMs1_Cs30xmvRrMn41_9relay_attNtB5_13AttController13last_rate_cmd
FNDA:0,_RNvMs1_Cs30xmvRrMn41_9relay_attNtB5_13AttController9last_time
FNDA:0,_RNvMs1_Cs30xmvRrMn41_9relay_attNtB5_13AttController9set_gains
FNDA:0,_RNvXs0_Cs30xmvRrMn41_9relay_attNtB5_8AttGainsNtNtCsl8K0bEFm1U0_4core7default7Default7default
FNDA:0,_RNvXs2_Cs30xmvRrMn41_9relay_attNtB5_13AttControllerNtNtCsl8K0bEFm1U0_4core7default7Default7default
FNDA:512,_RNCNvNtCs30xmvRrMn41_9relay_att5tests19arb_unit_quaternion0B5_
FNDA:512,_RNCNvNtCs30xmvRrMn41_9relay_att5tests19arb_unit_quaternions_0B5_
FNDA:2,_RNvNtCs30xmvRrMn41_9relay_att5tests19arb_unit_quaternion
FNDA:270,_RNvNtCs30xmvRrMn41_9relay_att5tests2ts
FNDA:1,_RNvNtCs30xmvRrMn41_9relay_att5testss_32rate_command_clamped_to_rate_max
FNDA:1,_RNvNtCs30xmvRrMn41_9relay_att5testss_38att_p03_small_angle_within_one_percent
FNDA:1,_RNvNtCs30xmvRrMn41_9relay_att5testss_38sqrt_f32_matches_libm_within_tolerance
FNDA:1,_RNvNtCs30xmvRrMn41_9relay_att5testss_39degenerate_input_does_not_propagate_nan
FNDA:1,_RNvNtCs30xmvRrMn41_9relay_att5testss_44negative_roll_setpoint_gives_negative_x_rate
FNDA:1,_RNvNtCs30xmvRrMn41_9relay_att5testss_45identity_setpoint_at_identity_gives_zero_rate
FNDA:1,_RNvNtCs30xmvRrMn41_9relay_att5testss_46att_p01_shortest_arc_q_err_scalar_non_negative
FNDA:1,_RNvNtCs30xmvRrMn41_9relay_att5testss_46twenty_deg_roll_setpoint_gives_positive_x_rate
FNDA:1,_RNvNtCs30xmvRrMn41_9relay_att5testss_48att_p01_quaternion_error_is_unit_for_unit_inputs
FNDA:257,_RNvCs30xmvRrMn41_9relay_att18is_unit_quaternion
FNDA:540,_RNvCs30xmvRrMn41_9relay_att24sanitize_unit_quaternionB1_
FNDA:270,_RNvCs30xmvRrMn41_9relay_att8quat_mulB1_
FNDA:545,_RNvCs30xmvRrMn41_9relay_att8sqrt_f32
FNDA:258,_RNvMs1_Cs30xmvRrMn41_9relay_attNtB5_13AttController10last_q_err
FNDA:264,_RNvMs1_Cs30xmvRrMn41_9relay_attNtB5_13AttController3new
FNDA:270,_RNvMs1_Cs30xmvRrMn41_9relay_attNtB5_13AttController4tick
FNDA:783,_RNvMs1_Cs30xmvRrMn41_9relay_attNtB5_13AttController5gains
FNF:27
FNH:21
DA:86,0
DA:87,0
DA:88,0
DA:102,272
DA:103,272
DA:104,272
DA:105,272
DA:106,272
DA:107,272
DA:108,272
DA:109,272
DA:111,0
DA:112,0
DA:113,0
DA:114,0
DA:115,0
DA:116,0
DA:117,0
DA:118,0
DA:120,0
DA:121,0
DA:122,0
DA:123,783
DA:124,783
DA:125,783
DA:126,258
DA:127,258
DA:128,258
DA:129,0
DA:130,0
DA:131,0
DA:132,0
DA:133,0
DA:134,0
DA:142,29770
DA:143,29770
DA:144,29770
DA:145,29770
DA:146,29770
DA:147,29770
DA:148,29770
DA:150,29770
DA:151,29770
DA:154,29770
DA:155,29770
DA:158,29770
DA:159,127
DA:160,29643
DA:161,29770
DA:164,29770
DA:165,29770
DA:166,29770
DA:167,29770
DA:168,29770
DA:169,89310
DA:170,89310
DA:171,89310
DA:172,0
DA:173,89310
DA:174,219
DA:175,89091
DA:176,236
DA:177,88855
DA:179,29770
DA:180,29770
DA:181,29770
DA:185,0
DA:186,0
DA:187,0
DA:191,29770
DA:192,29770
DA:193,29770
DA:194,29770
DA:195,29770
DA:196,29770
DA:197,29770
DA:198,29770
DA:204,59540
DA:205,59540
DA:206,59540
DA:207,2
DA:208,59538
DA:212,59538
DA:213,59538
DA:214,59540
DA:217,59545
DA:218,59545
DA:219,0
DA:220,59545
DA:221,59545
DA:222,1
DA:223,59544
DA:225,59544
DA:226,59544
DA:227,59544
DA:229,59544
DA:230,59544
DA:231,59544
DA:232,59544
DA:233,59545
DA:236,257
DA:237,257
DA:238,257
DA:239,257
DA:240,257
DA:248,270
DA:249,270
DA:250,270
DA:251,270
DA:254,1
DA:255,1
DA:256,1
DA:257,1
DA:258,1
DA:261,1
DA:263,1
DA:264,1
DA:265,1
DA:266,1
DA:267,1
DA:268,1
DA:269,1
DA:270,1
DA:273,1
DA:274,1
DA:275,1
DA:276,1
DA:277,1
DA:278,1
DA:279,1
DA:282,1
DA:286,1
DA:288,1
DA:289,1
DA:290,3
DA:291,3
DA:292,3
DA:294,0
DA:297,1
DA:300,1
DA:303,1
DA:304,1
DA:305,1
DA:306,1
DA:307,1
DA:308,0
DA:309,1
DA:312,1
DA:323,1
DA:324,1
DA:325,1
DA:326,1
DA:327,1
DA:328,1
DA:329,1
DA:330,1
DA:334,1
DA:335,1
DA:338,1
DA:341,1
DA:346,1
DA:347,6
DA:348,6
DA:349,6
DA:350,6
DA:351,6
DA:352,6
DA:354,6
DA:355,0
DA:356,6
DA:357,6
DA:361,6
DA:363,0
DA:365,1
DA:368,1
DA:369,1
DA:371,1
DA:372,3
DA:373,3
DA:375,1
DA:376,3
DA:377,3
DA:379,1
DA:382,1
DA:383,7
DA:384,7
DA:385,7
DA:386,7
DA:389,1
DA:393,2
DA:394,2
DA:395,2
DA:396,2
DA:397,2
DA:398,2
DA:399,2
DA:400,512
DA:401,512
DA:402,512
DA:403,512
DA:404,512
DA:405,512
DA:406,512
DA:407,512
DA:408,2
BRF:0
BRH:0
LF:207
LH:178
end_of_record
SF:/Users/r/git/pulseengine/relay/crates/relay-ccsds/plain/src/engine.rs
FN:174,_RNvNtNtCsk8ZF2NFVpYI_11relay_ccsds6engine5testss_17test_apid_masking
FN:202,_RNvNtNtCsk8ZF2NFVpYI_11relay_ccsds6engine5testss_17test_checksum_xor
FN:192,_RNvNtNtCsk8ZF2NFVpYI_11relay_ccsds6engine5testss_19test_checksum_empty
FN:160,_RNvNtNtCsk8ZF2NFVpYI_11relay_ccsds6engine5testss_20test_invalid_version
FN:167,_RNvNtNtCsk8ZF2NFVpYI_11relay_ccsds6engine5testss_21test_too_short_buffer
FN:197,_RNvNtNtCsk8ZF2NFVpYI_11relay_ccsds6engine5testss_25test_checksum_single_byte
FN:215,_RNvNtNtCsk8ZF2NFVpYI_11relay_ccsds6engine5testss_26test_validate_packet_valid
FN:210,_RNvNtNtCsk8ZF2NFVpYI_11relay_ccsds6engine5testss_30test_validate_packet_too_short
FN:233,_RNvNtNtCsk8ZF2NFVpYI_11relay_ccsds6engine5testss_34test_version_always_zero_in_output
FN:138,_RNvNtNtCsk8ZF2NFVpYI_11relay_ccsds6engine5testss_36test_encode_decode_roundtrip_command
FN:115,_RNvNtNtCsk8ZF2NFVpYI_11relay_ccsds6engine5testss_38test_encode_decode_roundtrip_telemetry
FN:51,_RNvNtCsk8ZF2NFVpYI_11relay_ccsds6engine13decode_header
FN:33,_RNvNtCsk8ZF2NFVpYI_11relay_ccsds6engine13encode_header
FN:106,_RNvNtCsk8ZF2NFVpYI_11relay_ccsds6engine15validate_packet
FN:96,_RNvNtCsk8ZF2NFVpYI_11relay_ccsds6engine16compute_checksum
FNDA:1,_RNvNtNtCsk8ZF2NFVpYI_11relay_ccsds6engine5testss_17test_apid_masking
FNDA:1,_RNvNtNtCsk8ZF2NFVpYI_11relay_ccsds6engine5testss_17test_checksum_xor
FNDA:1,_RNvNtNtCsk8ZF2NFVpYI_11relay_ccsds6engine5testss_19test_checksum_empty
FNDA:1,_RNvNtNtCsk8ZF2NFVpYI_11relay_ccsds6engine5testss_20test_invalid_version
FNDA:1,_RNvNtNtCsk8ZF2NFVpYI_11relay_ccsds6engine5testss_21test_too_short_buffer
FNDA:1,_RNvNtNtCsk8ZF2NFVpYI_11relay_ccsds6engine5testss_25test_checksum_single_byte
FNDA:1,_RNvNtNtCsk8ZF2NFVpYI_11relay_ccsds6engine5testss_26test_validate_packet_valid
FNDA:1,_RNvNtNtCsk8ZF2NFVpYI_11relay_ccsds6engine5testss_30test_validate_packet_too_short
FNDA:1,_RNvNtNtCsk8ZF2NFVpYI_11relay_ccsds6engine5testss_34test_version_always_zero_in_output
FNDA:1,_RNvNtNtCsk8ZF2NFVpYI_11relay_ccsds6engine5testss_36test_encode_decode_roundtrip_command
FNDA:1,_RNvNtNtCsk8ZF2NFVpYI_11relay_ccsds6engine5testss_38test_encode_decode_roundtrip_telemetry
FNDA:9,_RNvNtCsk8ZF2NFVpYI_11relay_ccsds6engine13decode_header
FNDA:5,_RNvNtCsk8ZF2NFVpYI_11relay_ccsds6engine13encode_header
FNDA:2,_RNvNtCsk8ZF2NFVpYI_11relay_ccsds6engine15validate_packet
FNDA:4,_RNvNtCsk8ZF2NFVpYI_11relay_ccsds6engine16compute_checksum
FNF:15
FNH:15
DA:33,5
DA:34,5
DA:35,5
DA:36,5
DA:37,5
DA:38,5
DA:39,5
DA:41,5
DA:42,5
DA:43,5
DA:44,5
DA:45,5
DA:47,5
DA:48,5
DA:49,5
DA:51,9
DA:52,9
DA:53,3
DA:54,6
DA:56,6
DA:57,6
DA:58,6
DA:59,6
DA:60,6
DA:61,6
DA:63,6
DA:64,6
DA:65,1
DA:66,5
DA:68,5
DA:69,5
DA:70,4
DA:72,1
DA:75,5
DA:76,5
DA:77,5
DA:79,5
DA:80,5
DA:81,5
DA:83,5
DA:85,5
DA:86,5
DA:87,5
DA:88,5
DA:89,5
DA:90,5
DA:91,5
DA:92,5
DA:93,5
DA:94,9
DA:96,4
DA:97,4
DA:98,4
DA:99,10
DA:100,6
DA:101,6
DA:102,6
DA:103,4
DA:104,4
DA:106,2
DA:107,2
DA:108,2
DA:115,1
DA:116,1
DA:117,1
DA:118,1
DA:119,1
DA:120,1
DA:121,1
DA:122,1
DA:123,1
DA:124,1
DA:125,1
DA:126,1
DA:127,1
DA:128,1
DA:129,1
DA:130,1
DA:131,1
DA:132,1
DA:133,1
DA:134,1
DA:135,1
DA:138,1
DA:139,1
DA:140,1
DA:141,1
DA:142,1
DA:143,1
DA:144,1
DA:145,1
DA:146,1
DA:147,1
DA:148,1
DA:149,1
DA:150,1
DA:151,1
DA:152,1
DA:153,1
DA:154,1
DA:155,1
DA:156,1
DA:157,1
DA:160,1
DA:162,1
DA:163,1
DA:164,1
DA:167,1
DA:168,1
DA:169,1
DA:170,1
DA:171,1
DA:174,1
DA:176,1
DA:177,1
DA:178,1
DA:179,1
DA:180,1
DA:181,1
DA:182,1
DA:183,1
DA:184,1
DA:185,1
DA:186,1
DA:187,1
DA:188,1
DA:189,1
DA:192,1
DA:193,1
DA:194,1
DA:197,1
DA:198,1
DA:199,1
DA:202,1
DA:204,1
DA:206,1
DA:207,1
DA:210,1
DA:211,1
DA:212,1
DA:215,1
DA:216,1
DA:217,1
DA:218,1
DA:219,1
DA:220,1
DA:221,1
DA:222,1
DA:223,1
DA:224,1
DA:225,1
DA:226,1
DA:227,1
DA:228,1
DA:229,1
DA:230,1
DA:233,1
DA:234,1
DA:235,1
DA:236,1
DA:237,1
DA:238,1
DA:239,1
DA:240,1
DA:241,1
DA:242,1
DA:243,1
DA:244,1
DA:246,1
DA:247,1
DA:248,1
DA:249,1
BRF:0
BRH:0
LF:172
LH:172
end_of_record
SF:/Users/r/git/pulseengine/relay/crates/relay-ccsds/plain/src/sensor_wire.rs
FN:207,_RNvNtNtCsk8ZF2NFVpYI_11relay_ccsds11sensor_wire5testss_14test_too_short
FN:301,_RNvNtNtCsk8ZF2NFVpYI_11relay_ccsds11sensor_wire5testss_16test_packet_size
FN:219,_RNvNtNtCsk8ZF2NFVpYI_11relay_ccsds11sensor_wire5testss_17test_water_sensor
FN:307,_RNvNtNtCsk8ZF2NFVpYI_11relay_ccsds11sensor_wire5testss_18test_max_device_id
FN:236,_RNvNtNtCsk8ZF2NFVpYI_11relay_ccsds11sensor_wire5testss_19test_contact_sensor
FN:212,_RNvNtNtCsk8ZF2NFVpYI_11relay_ccsds11sensor_wire5testss_20test_invalid_version
FN:283,_RNvNtNtCsk8ZF2NFVpYI_11relay_ccsds11sensor_wire5testss_21test_all_sensor_types
FN:277,_RNvNtNtCsk8ZF2NFVpYI_11relay_ccsds11sensor_wire5testss_21test_watts_conversion
FN:269,_RNvNtNtCsk8ZF2NFVpYI_11relay_ccsds11sensor_wire5testss_23test_celsius_conversion
FN:253,_RNvNtNtCsk8ZF2NFVpYI_11relay_ccsds11sensor_wire5testss_25test_negative_temperature
FN:186,_RNvNtNtCsk8ZF2NFVpYI_11relay_ccsds11sensor_wire5testss_28test_encode_decode_roundtrip
FN:131,_RNvNtCsk8ZF2NFVpYI_11relay_ccsds11sensor_wire13decode_packet
FN:90,_RNvNtCsk8ZF2NFVpYI_11relay_ccsds11sensor_wire13encode_packet
FN:174,_RNvNtCsk8ZF2NFVpYI_11relay_ccsds11sensor_wire14watts_to_fixed
FN:161,_RNvNtCsk8ZF2NFVpYI_11relay_ccsds11sensor_wire23celsius_to_centidegrees
FN:169,_RNvNtCsk8ZF2NFVpYI_11relay_ccsds11sensor_wire23centidegrees_to_celsius
FNDA:1,_RNvNtNtCsk8ZF2NFVpYI_11relay_ccsds11sensor_wire5testss_14test_too_short
FNDA:1,_RNvNtNtCsk8ZF2NFVpYI_11relay_ccsds11sensor_wire5testss_16test_packet_size
FNDA:1,_RNvNtNtCsk8ZF2NFVpYI_11relay_ccsds11sensor_wire5testss_17test_water_sensor
FNDA:1,_RNvNtNtCsk8ZF2NFVpYI_11relay_ccsds11sensor_wire5testss_18test_max_device_id
FNDA:1,_RNvNtNtCsk8ZF2NFVpYI_11relay_ccsds11sensor_wire5testss_19test_contact_sensor
FNDA:1,_RNvNtNtCsk8ZF2NFVpYI_11relay_ccsds11sensor_wire5testss_20test_invalid_version
FNDA:1,_RNvNtNtCsk8ZF2NFVpYI_11relay_ccsds11sensor_wire5testss_21test_all_sensor_types
FNDA:1,_RNvNtNtCsk8ZF2NFVpYI_11relay_ccsds11sensor_wire5testss_21test_watts_conversion
FNDA:1,_RNvNtNtCsk8ZF2NFVpYI_11relay_ccsds11sensor_wire5testss_23test_celsius_conversion
FNDA:1,_RNvNtNtCsk8ZF2NFVpYI_11relay_ccsds11sensor_wire5testss_25test_negative_temperature
FNDA:1,_RNvNtNtCsk8ZF2NFVpYI_11relay_ccsds11sensor_wire5testss_28test_encode_decode_roundtrip
FNDA:21,_RNvNtCsk8ZF2NFVpYI_11relay_ccsds11sensor_wire13decode_packet
FNDA:19,_RNvNtCsk8ZF2NFVpYI_11relay_ccsds11sensor_wire13encode_packet
FNDA:2,_RNvNtCsk8ZF2NFVpYI_11relay_ccsds11sensor_wire14watts_to_fixed
FNDA:3,_RNvNtCsk8ZF2NFVpYI_11relay_ccsds11sensor_wire23celsius_to_centidegrees
FNDA:1,_RNvNtCsk8ZF2NFVpYI_11relay_ccsds11sensor_wire23centidegrees_to_celsius
FNF:16
FNH:16
DA:90,19
DA:93,19
DA:94,19
DA:95,19
DA:98,19
DA:99,19
DA:100,19
DA:103,19
DA:104,19
DA:105,19
DA:108,19
DA:109,19
DA:110,19
DA:111,19
DA:112,19
DA:113,19
DA:114,19
DA:115,19
DA:116,19
DA:117,19
DA:131,21
DA:132,21
DA:133,1
DA:134,20
DA:137,20
DA:138,20
DA:139,1
DA:140,19
DA:141,19
DA:142,19
DA:145,19
DA:146,19
DA:147,19
DA:148,19
DA:150,19
DA:151,19
DA:152,19
DA:153,19
DA:154,19
DA:155,19
DA:156,19
DA:157,19
DA:158,21
DA:161,3
DA:162,3
DA:163,3
DA:164,3
DA:165,3
DA:166,3
DA:169,1
DA:170,1
DA:171,1
DA:174,2
DA:175,2
DA:176,2
DA:177,2
DA:178,2
DA:179,2
DA:186,1
DA:187,1
DA:188,1
DA:189,1
DA:190,1
DA:191,1
DA:192,1
DA:193,1
DA:194,1
DA:195,1
DA:196,1
DA:197,1
DA:198,1
DA:199,1
DA:200,1
DA:201,1
DA:202,1
DA:203,1
DA:204,1
DA:207,1
DA:208,1
DA:209,1
DA:212,1
DA:213,1
DA:214,1
DA:215,1
DA:216,1
DA:219,1
DA:220,1
DA:221,1
DA:222,1
DA:223,1
DA:224,1
DA:225,1
DA:226,1
DA:227,1
DA:228,1
DA:229,1
DA:230,1
DA:231,1
DA:232,1
DA:233,1
DA:236,1
DA:237,1
DA:238,1
DA:239,1
DA:240,1
DA:241,1
DA:242,1
DA:243,1
DA:244,1
DA:245,1
DA:246,1
DA:247,1
DA:248,1
DA:249,1
DA:250,1
DA:253,1
DA:254,1
DA:255,1
DA:256,1
DA:257,1
DA:258,1
DA:259,1
DA:260,1
DA:261,1
DA:262,1
DA:263,1
DA:264,1
DA:265,1
DA:266,1
DA:269,1
DA:270,1
DA:271,1
DA:272,1
DA:273,1
DA:274,1
DA:277,1
DA:278,1
DA:279,1
DA:280,1
DA:283,1
DA:284,14
DA:285,1
DA:286,1
DA:287,1
DA:288,14
DA:289,14
DA:290,14
DA:291,14
DA:292,14
DA:293,14
DA:294,14
DA:295,14
DA:296,14
DA:298,1
DA:301,1
DA:302,1
DA:304,1
DA:307,1
DA:308,1
DA:309,1
DA:310,1
DA:311,1
DA:312,1
DA:313,1
DA:314,1
DA:315,1
DA:316,1
DA:317,1
DA:318,1
DA:319,1
DA:320,1
DA:321,1
DA:322,1
DA:323,1
BRF:0
BRH:0
LF:174
LH:174
end_of_record
SF:/Users/r/git/pulseengine/relay/crates/relay-cfdp/plain/src/engine.rs
FN:69,_RNvMNtCs7BbFSx4QlmB_10relay_cfdp6engineNtB2_10CfdpResult10add_action
FN:62,_RNvMNtCs7BbFSx4QlmB_10relay_cfdp6engineNtB2_10CfdpResult3new
FN:112,_RNvMs0_NtCs7BbFSx4QlmB_10relay_cfdp6engineNtB5_16TransactionTable10begin_send
FN:130,_RNvMs0_NtCs7BbFSx4QlmB_10relay_cfdp6engineNtB5_16TransactionTable11process_ack
FN:166,_RNvMs0_NtCs7BbFSx4QlmB_10relay_cfdp6engineNtB5_16TransactionTable11process_nak
FN:101,_RNvMs0_NtCs7BbFSx4QlmB_10relay_cfdp6engineNtB5_16TransactionTable16find_transaction
FN:94,_RNvMs0_NtCs7BbFSx4QlmB_10relay_cfdp6engineNtB5_16TransactionTable3new
FN:206,_RNvMs0_NtCs7BbFSx4QlmB_10relay_cfdp6engineNtB5_16TransactionTable4tick
FN:245,_RNvMs0_NtCs7BbFSx4QlmB_10relay_cfdp6engineNtB5_16TransactionTable9get_state
FN:80,_RNvMs_NtCs7BbFSx4QlmB_10relay_cfdp6engineNtB4_11Transaction5empty
FN:327,_RNvNtNtCs7BbFSx4QlmB_10relay_cfdp6engine5testss_19test_eof_transition
FN:292,_RNvNtNtCs7BbFSx4QlmB_10relay_cfdp6engine5testss_19test_nak_retransmit
FN:268,_RNvNtNtCs7BbFSx4QlmB_10relay_cfdp6engine5testss_22test_state_progression
FN:259,_RNvNtNtCs7BbFSx4QlmB_10relay_cfdp6engine5testss_23test_create_transaction
FN:359,_RNvNtNtCs7BbFSx4QlmB_10relay_cfdp6engine5testss_25test_bounded_transactions
FN:378,_RNvNtNtCs7BbFSx4QlmB_10relay_cfdp6engine5testss_25test_get_state_invalid_id
FN:308,_RNvNtNtCs7BbFSx4QlmB_10relay_cfdp6engine5testss_27test_max_retransmit_cancels
FN:344,_RNvNtNtCs7BbFSx4QlmB_10relay_cfdp6engine5testss_29test_cancel_on_max_retransmit
FN:369,_RNvNtNtCs7BbFSx4QlmB_10relay_cfdp6engine5testss_29test_tick_idle_sends_metadata
FN:384,_RNvNtNtCs7BbFSx4QlmB_10relay_cfdp6engine5testss_31test_nak_in_wrong_state_ignored
FNDA:20,_RNvMNtCs7BbFSx4QlmB_10relay_cfdp6engineNtB2_10CfdpResult10add_action
FNDA:21,_RNvMNtCs7BbFSx4QlmB_10relay_cfdp6engineNtB2_10CfdpResult3new
FNDA:25,_RNvMs0_NtCs7BbFSx4QlmB_10relay_cfdp6engineNtB5_16TransactionTable10begin_send
FNDA:13,_RNvMs0_NtCs7BbFSx4QlmB_10relay_cfdp6engineNtB5_16TransactionTable11process_ack
FNDA:6,_RNvMs0_NtCs7BbFSx4QlmB_10relay_cfdp6engineNtB5_16TransactionTable11process_nak
FNDA:33,_RNvMs0_NtCs7BbFSx4QlmB_10relay_cfdp6engineNtB5_16TransactionTable16find_transaction
FNDA:10,_RNvMs0_NtCs7BbFSx4QlmB_10relay_cfdp6engineNtB5_16TransactionTable3new
FNDA:2,_RNvMs0_NtCs7BbFSx4QlmB_10relay_cfdp6engineNtB5_16TransactionTable4tick
FNDA:12,_RNvMs0_NtCs7BbFSx4QlmB_10relay_cfdp6engineNtB5_16TransactionTable9get_state
FNDA:10,_RNvMs_NtCs7BbFSx4QlmB_10relay_cfdp6engineNtB4_11Transaction5empty
FNDA:1,_RNvNtNtCs7BbFSx4QlmB_10relay_cfdp6engine5testss_19test_eof_transition
FNDA:1,_RNvNtNtCs7BbFSx4QlmB_10relay_cfdp6engine5testss_19test_nak_retransmit
FNDA:1,_RNvNtNtCs7BbFSx4QlmB_10relay_cfdp6engine5testss_22test_state_progression
FNDA:1,_RNvNtNtCs7BbFSx4QlmB_10relay_cfdp6engine5testss_23test_create_transaction
FNDA:1,_RNvNtNtCs7BbFSx4QlmB_10relay_cfdp6engine5testss_25test_bounded_transactions
FNDA:1,_RNvNtNtCs7BbFSx4QlmB_10relay_cfdp6engine5testss_25test_get_state_invalid_id
FNDA:1,_RNvNtNtCs7BbFSx4QlmB_10relay_cfdp6engine5testss_27test_max_retransmit_cancels
FNDA:1,_RNvNtNtCs7BbFSx4QlmB_10relay_cfdp6engine5testss_29test_cancel_on_max_retransmit
FNDA:1,_RNvNtNtCs7BbFSx4QlmB_10relay_cfdp6engine5testss_29test_tick_idle_sends_metadata
FNDA:1,_RNvNtNtCs7BbFSx4QlmB_10relay_cfdp6engine5testss_31test_nak_in_wrong_state_ignored
FNF:20
FNH:20
DA:62,21
DA:63,21
DA:64,21
DA:65,21
DA:66,21
DA:67,21
DA:69,20
DA:70,20
DA:71,0
DA:72,20
DA:73,20
DA:74,20
DA:75,20
DA:76,20
DA:80,10
DA:81,10
DA:82,10
DA:83,10
DA:84,10
DA:85,10
DA:86,10
DA:87,10
DA:88,10
DA:89,10
DA:90,10
DA:94,10
DA:95,10
DA:96,10
DA:97,10
DA:98,10
DA:99,10
DA:101,33
DA:102,33
DA:103,33
DA:104,32
DA:105,32
DA:106,0
DA:107,0
DA:109,1
DA:110,33
DA:112,25
DA:113,25
DA:114,1
DA:115,24
DA:116,24
DA:117,24
DA:118,24
DA:119,24
DA:120,24
DA:121,24
DA:122,24
DA:123,24
DA:124,24
DA:125,24
DA:126,24
DA:127,24
DA:128,25
DA:130,13
DA:131,13
DA:132,13
DA:133,13
DA:134,0
DA:135,13
DA:137,13
DA:138,13
DA:139,5
DA:140,5
DA:141,5
DA:142,5
DA:144,5
DA:145,5
DA:146,5
DA:147,5
DA:148,5
DA:150,2
DA:151,2
DA:152,2
DA:153,2
DA:154,2
DA:155,1
DA:156,1
DA:157,1
DA:158,1
DA:159,0
DA:160,0
DA:163,13
DA:164,13
DA:166,6
DA:167,6
DA:168,6
DA:169,6
DA:170,6
DA:171,6
DA:172,6
DA:173,6
DA:174,6
DA:175,0
DA:176,6
DA:178,6
DA:180,6
DA:181,1
DA:182,5
DA:184,5
DA:185,2
DA:186,2
DA:187,2
DA:188,3
DA:190,3
DA:192,3
DA:193,3
DA:194,3
DA:196,0
DA:199,3
DA:200,3
DA:201,3
DA:203,3
DA:204,6
DA:206,2
DA:207,2
DA:208,2
DA:209,2
DA:210,0
DA:211,2
DA:213,2
DA:214,2
DA:215,1
DA:216,1
DA:217,1
DA:218,1
DA:219,0
DA:220,0
DA:221,0
DA:223,0
DA:224,0
DA:225,0
DA:226,0
DA:227,0
DA:228,0
DA:229,0
DA:231,1
DA:232,1
DA:233,1
DA:234,0
DA:235,0
DA:236,0
DA:237,0
DA:238,0
DA:239,0
DA:242,2
DA:243,2
DA:245,12
DA:246,12
DA:247,12
DA:248,1
DA:249,11
DA:250,11
DA:251,12
DA:259,1
DA:260,1
DA:261,1
DA:262,1
DA:263,1
DA:264,1
DA:265,1
DA:268,1
DA:269,1
DA:270,1
DA:272,1
DA:275,1
DA:276,1
DA:279,1
DA:280,1
DA:283,1
DA:284,1
DA:287,1
DA:288,1
DA:289,1
DA:292,1
DA:293,1
DA:294,1
DA:297,1
DA:298,1
DA:299,1
DA:302,1
DA:303,1
DA:304,1
DA:305,1
DA:308,1
DA:309,1
DA:310,1
DA:313,1
DA:314,1
DA:317,1
DA:318,1
DA:321,1
DA:322,1
DA:323,1
DA:324,1
DA:327,1
DA:328,1
DA:329,1
DA:332,1
DA:333,1
DA:334,1
DA:336,1
DA:339,1
DA:340,1
DA:341,1
DA:344,1
DA:345,1
DA:346,1
DA:349,1
DA:350,1
DA:353,1
DA:354,1
DA:355,1
DA:356,1
DA:359,1
DA:360,1
DA:361,16
DA:362,16
DA:365,1
DA:366,1
DA:369,1
DA:370,1
DA:371,1
DA:372,1
DA:373,1
DA:374,1
DA:375,1
DA:378,1
DA:379,1
DA:380,1
DA:381,1
DA:384,1
DA:385,1
DA:386,1
DA:389,1
DA:390,1
DA:391,1
BRF:0
BRH:0
LF:240
LH:215
end_of_record
SF:/Users/r/git/pulseengine/relay/crates/relay-ci/plain/src/engine.rs
FN:42,_RNvMs_NtCs8BFUpM0GNzK_8relay_ci6engineNtB4_8CiConfig3new
FN:78,_RNvNtCs8BFUpM0GNzK_8relay_ci6engine15validate_header
FN:54,_RNvNtCs8BFUpM0GNzK_8relay_ci6engine16compute_checksum
FN:65,_RNvNtCs8BFUpM0GNzK_8relay_ci6engine18is_valid_stream_id
FN:106,_RNvNtNtCs8BFUpM0GNzK_8relay_ci6engine5tests11test_config
FN:144,_RNvNtNtCs8BFUpM0GNzK_8relay_ci6engine5testss_17test_bad_checksum
FN:131,_RNvNtNtCs8BFUpM0GNzK_8relay_ci6engine5testss_18test_bad_stream_id
FN:118,_RNvNtNtCs8BFUpM0GNzK_8relay_ci6engine5testss_18test_valid_command
FN:170,_RNvNtNtCs8BFUpM0GNzK_8relay_ci6engine5testss_20test_length_mismatch
FN:157,_RNvNtNtCs8BFUpM0GNzK_8relay_ci6engine5testss_21test_invalid_cmd_code
FN:192,_RNvNtNtCs8BFUpM0GNzK_8relay_ci6engine5testss_25test_compute_checksum_xor
FN:198,_RNvNtNtCs8BFUpM0GNzK_8relay_ci6engine5testss_27test_compute_checksum_empty
FN:183,_RNvNtNtCs8BFUpM0GNzK_8relay_ci6engine5testss_27test_valid_stream_id_lookup
FN:36,_RNvMNtCs8BFUpM0GNzK_8relay_ci6engineNtB2_13CommandHeader5empty
FNDA:6,_RNvMs_NtCs8BFUpM0GNzK_8relay_ci6engineNtB4_8CiConfig3new
FNDA:5,_RNvNtCs8BFUpM0GNzK_8relay_ci6engine15validate_header
FNDA:2,_RNvNtCs8BFUpM0GNzK_8relay_ci6engine16compute_checksum
FNDA:9,_RNvNtCs8BFUpM0GNzK_8relay_ci6engine18is_valid_stream_id
FNDA:6,_RNvNtNtCs8BFUpM0GNzK_8relay_ci6engine5tests11test_config
FNDA:1,_RNvNtNtCs8BFUpM0GNzK_8relay_ci6engine5testss_17test_bad_checksum
FNDA:1,_RNvNtNtCs8BFUpM0GNzK_8relay_ci6engine5testss_18test_bad_stream_id
FNDA:1,_RNvNtNtCs8BFUpM0GNzK_8relay_ci6engine5testss_18test_valid_command
FNDA:1,_RNvNtNtCs8BFUpM0GNzK_8relay_ci6engine5testss_20test_length_mismatch
FNDA:1,_RNvNtNtCs8BFUpM0GNzK_8relay_ci6engine5testss_21test_invalid_cmd_code
FNDA:1,_RNvNtNtCs8BFUpM0GNzK_8relay_ci6engine5testss_25test_compute_checksum_xor
FNDA:1,_RNvNtNtCs8BFUpM0GNzK_8relay_ci6engine5testss_27test_compute_checksum_empty
FNDA:1,_RNvNtNtCs8BFUpM0GNzK_8relay_ci6engine5testss_27test_valid_stream_id_lookup
FNDA:0,_RNvMNtCs8BFUpM0GNzK_8relay_ci6engineNtB2_13CommandHeader5empty
FNF:14
FNH:13
DA:36,0
DA:37,0
DA:38,0
DA:42,6
DA:43,6
DA:44,6
DA:45,6
DA:46,6
DA:47,6
DA:48,6
DA:49,6
DA:50,6
DA:54,2
DA:55,2
DA:56,2
DA:57,5
DA:58,3
DA:59,3
DA:60,3
DA:61,2
DA:62,2
DA:65,9
DA:66,9
DA:67,9
DA:68,16
DA:69,13
DA:70,6
DA:71,7
DA:72,7
DA:74,3
DA:75,9
DA:78,5
DA:80,5
DA:81,1
DA:82,4
DA:85,4
DA:86,1
DA:87,3
DA:90,3
DA:91,1
DA:92,2
DA:95,2
DA:96,1
DA:97,1
DA:99,1
DA:100,5
DA:106,6
DA:107,6
DA:108,6
DA:109,6
DA:110,6
DA:111,6
DA:112,6
DA:113,6
DA:114,6
DA:115,6
DA:118,1
DA:119,1
DA:120,1
DA:121,1
DA:122,1
DA:123,1
DA:124,1
DA:125,1
DA:126,1
DA:127,1
DA:128,1
DA:131,1
DA:132,1
DA:133,1
DA:134,1
DA:135,1
DA:136,1
DA:137,1
DA:138,1
DA:139,1
DA:140,1
DA:141,1
DA:144,1
DA:145,1
DA:146,1
DA:147,1
DA:148,1
DA:149,1
DA:150,1
DA:151,1
DA:152,1
DA:153,1
DA:154,1
DA:157,1
DA:158,1
DA:159,1
DA:160,1
DA:161,1
DA:162,1
DA:163,1
DA:164,1
DA:165,1
DA:166,1
DA:167,1
DA:170,1
DA:171,1
DA:172,1
DA:173,1
DA:174,1
DA:175,1
DA:176,1
DA:177,1
DA:178,1
DA:179,1
DA:180,1
DA:183,1
DA:184,1
DA:185,1
DA:186,1
DA:187,1
DA:188,1
DA:189,1
DA:192,1
DA:193,1
DA:194,1
DA:195,1
DA:198,1
DA:199,1
DA:200,1
BRF:0
BRH:0
LF:125
LH:122
end_of_record
SF:/Users/r/git/pulseengine/relay/crates/relay-cs/plain/src/engine.rs
FN:230,_RNvNtNtCsgwsFnbBvJF7_8relay_cs6engine5testss_15test_table_full
FN:194,_RNvNtNtCsgwsFnbBvJF7_8relay_cs6engine5testss_16test_crc32_empty
FN:180,_RNvNtNtCsgwsFnbBvJF7_8relay_cs6engine5testss_16test_empty_table
FN:222,_RNvNtNtCsgwsFnbBvJF7_8relay_cs6engine5testss_20test_register_region
FN:186,_RNvNtNtCsgwsFnbBvJF7_8relay_cs6engine5testss_22test_crc32_known_value
FN:200,_RNvNtNtCsgwsFnbBvJF7_8relay_cs6engine5testss_22test_matching_baseline
FN:251,_RNvNtNtCsgwsFnbBvJF7_8relay_cs6engine5testss_24test_batch_check_bounded
FN:211,_RNvNtNtCsgwsFnbBvJF7_8relay_cs6engine5testss_24test_mismatched_baseline
FN:271,_RNvNtNtCsgwsFnbBvJF7_8relay_cs6engine5testss_29test_check_nonexistent_region
FN:239,_RNvNtNtCsgwsFnbBvJF7_8relay_cs6engine5testss_31test_check_updates_last_checked
FN:73,_RNvMNtCsgwsFnbBvJF7_8relay_cs6engineNtB2_6Region5empty
FN:144,_RNvMs0_NtCsgwsFnbBvJF7_8relay_cs6engineNtB5_13ChecksumTable11check_batch
FN:116,_RNvMs0_NtCsgwsFnbBvJF7_8relay_cs6engineNtB5_13ChecksumTable12check_region
FN:110,_RNvMs0_NtCsgwsFnbBvJF7_8relay_cs6engineNtB5_13ChecksumTable12region_count
FN:95,_RNvMs0_NtCsgwsFnbBvJF7_8relay_cs6engineNtB5_13ChecksumTable15register_region
FN:86,_RNvMs0_NtCsgwsFnbBvJF7_8relay_cs6engineNtB5_13ChecksumTable3new
FN:79,_RNvMs_NtCsgwsFnbBvJF7_8relay_cs6engineNtB4_11CheckResult5empty
FN:29,_RNvNtCsgwsFnbBvJF7_8relay_cs6engine13crc32_compute
FNDA:1,_RNvNtNtCsgwsFnbBvJF7_8relay_cs6engine5testss_15test_table_full
FNDA:1,_RNvNtNtCsgwsFnbBvJF7_8relay_cs6engine5testss_16test_crc32_empty
FNDA:1,_RNvNtNtCsgwsFnbBvJF7_8relay_cs6engine5testss_16test_empty_table
FNDA:1,_RNvNtNtCsgwsFnbBvJF7_8relay_cs6engine5testss_20test_register_region
FNDA:1,_RNvNtNtCsgwsFnbBvJF7_8relay_cs6engine5testss_22test_crc32_known_value
FNDA:1,_RNvNtNtCsgwsFnbBvJF7_8relay_cs6engine5testss_22test_matching_baseline
FNDA:1,_RNvNtNtCsgwsFnbBvJF7_8relay_cs6engine5testss_24test_batch_check_bounded
FNDA:1,_RNvNtNtCsgwsFnbBvJF7_8relay_cs6engine5testss_24test_mismatched_baseline
FNDA:1,_RNvNtNtCsgwsFnbBvJF7_8relay_cs6engine5testss_29test_check_nonexistent_region
FNDA:1,_RNvNtNtCsgwsFnbBvJF7_8relay_cs6engine5testss_31test_check_updates_last_checked
FNDA:8,_RNvMNtCsgwsFnbBvJF7_8relay_cs6engineNtB2_6Region5empty
FNDA:1,_RNvMs0_NtCsgwsFnbBvJF7_8relay_cs6engineNtB5_13ChecksumTable11check_batch
FNDA:21,_RNvMs0_NtCsgwsFnbBvJF7_8relay_cs6engineNtB5_13ChecksumTable12check_region
FNDA:2,_RNvMs0_NtCsgwsFnbBvJF7_8relay_cs6engineNtB5_13ChecksumTable12region_count
FNDA:92,_RNvMs0_NtCsgwsFnbBvJF7_8relay_cs6engineNtB5_13ChecksumTable15register_region
FNDA:8,_RNvMs0_NtCsgwsFnbBvJF7_8relay_cs6engineNtB5_13ChecksumTable3new
FNDA:1,_RNvMs_NtCsgwsFnbBvJF7_8relay_cs6engineNtB4_11CheckResult5empty
FNDA:25,_RNvNtCsgwsFnbBvJF7_8relay_cs6engine13crc32_compute
FNF:18
FNH:18
DA:29,25
DA:30,25
DA:31,25
DA:32,129
DA:33,104
DA:34,104
DA:35,104
DA:36,104
DA:37,104
DA:38,25
DA:39,25
DA:73,8
DA:74,8
DA:75,8
DA:79,1
DA:80,1
DA:81,1
DA:86,8
DA:87,8
DA:88,8
DA:89,8
DA:90,8
DA:91,8
DA:95,92
DA:96,92
DA:97,1
DA:98,91
DA:99,91
DA:100,91
DA:101,91
DA:102,91
DA:103,91
DA:104,91
DA:105,91
DA:106,91
DA:107,92
DA:110,2
DA:111,2
DA:112,2
DA:116,21
DA:117,21
DA:118,21
DA:119,21
DA:120,21
DA:121,21
DA:122,21
DA:123,21
DA:124,142
DA:125,141
DA:126,20
DA:127,20
DA:128,20
DA:129,20
DA:130,20
DA:131,20
DA:132,20
DA:133,20
DA:134,20
DA:135,20
DA:136,121
DA:137,121
DA:139,1
DA:140,21
DA:144,1
DA:145,1
DA:146,1
DA:147,1
DA:148,1
DA:149,1
DA:150,1
DA:151,1
DA:152,1
DA:154,1
DA:155,17
DA:156,17
DA:157,1
DA:158,16
DA:159,16
DA:160,16
DA:161,16
DA:162,16
DA:163,16
DA:164,16
DA:165,16
DA:166,0
DA:168,16
DA:171,1
DA:172,1
DA:180,1
DA:181,1
DA:182,1
DA:183,1
DA:186,1
DA:188,1
DA:189,1
DA:190,1
DA:191,1
DA:194,1
DA:195,1
DA:196,1
DA:197,1
DA:200,1
DA:201,1
DA:202,1
DA:203,1
DA:204,1
DA:205,1
DA:206,1
DA:207,1
DA:208,1
DA:211,1
DA:212,1
DA:213,1
DA:214,1
DA:215,1
DA:216,1
DA:217,1
DA:218,1
DA:219,1
DA:222,1
DA:223,1
DA:224,1
DA:225,1
DA:226,1
DA:227,1
DA:230,1
DA:231,1
DA:232,64
DA:233,64
DA:235,1
DA:236,1
DA:239,1
DA:240,1
DA:241,1
DA:242,1
DA:243,1
DA:244,1
DA:246,1
DA:247,1
DA:248,1
DA:251,1
DA:252,1
DA:253,1
DA:254,1
DA:257,21
DA:258,21
DA:259,21
DA:260,1
DA:261,1
DA:262,22
DA:263,21
DA:264,21
DA:265,21
DA:266,1
DA:267,1
DA:268,1
DA:271,1
DA:272,1
DA:273,1
DA:274,1
DA:275,1
DA:276,1
BRF:0
BRH:0
LF:162
LH:161
end_of_record
SF:/Users/r/git/pulseengine/relay/crates/relay-ds/plain/src/engine.rs
FN:134,_RNvNtNtCsAczdvGzAfp_8relay_ds6engine5testss_13test_no_match
FN:203,_RNvNtNtCsAczdvGzAfp_8relay_ds6engine5testss_15test_table_full
FN:111,_RNvNtNtCsAczdvGzAfp_8relay_ds6engine5testss_16test_empty_table
FN:188,_RNvNtNtCsAczdvGzAfp_8relay_ds6engine5testss_19test_bounded_output
FN:147,_RNvNtNtCsAczdvGzAfp_8relay_ds6engine5testss_20test_disabled_filter
FN:118,_RNvNtNtCsAczdvGzAfp_8relay_ds6engine5testss_20test_matching_filter
FN:217,_RNvNtNtCsAczdvGzAfp_8relay_ds6engine5testss_25test_filter_count_bounded
FN:160,_RNvNtNtCsAczdvGzAfp_8relay_ds6engine5testss_26test_multiple_destinations
FN:38,_RNvMNtCsAczdvGzAfp_8relay_ds6engineNtB2_11FilterEntry5empty
FN:66,_RNvMs0_NtCsAczdvGzAfp_8relay_ds6engineNtB5_11FilterTable10add_filter
FN:74,_RNvMs0_NtCsAczdvGzAfp_8relay_ds6engineNtB5_11FilterTable12filter_count
FN:59,_RNvMs0_NtCsAczdvGzAfp_8relay_ds6engineNtB5_11FilterTable3new
FN:76,_RNvMs0_NtCsAczdvGzAfp_8relay_ds6engineNtB5_11FilterTable8evaluate
FN:49,_RNvMs_NtCsAczdvGzAfp_8relay_ds6engineNtB4_15StorageDecision5empty
FNDA:1,_RNvNtNtCsAczdvGzAfp_8relay_ds6engine5testss_13test_no_match
FNDA:1,_RNvNtNtCsAczdvGzAfp_8relay_ds6engine5testss_15test_table_full
FNDA:1,_RNvNtNtCsAczdvGzAfp_8relay_ds6engine5testss_16test_empty_table
FNDA:1,_RNvNtNtCsAczdvGzAfp_8relay_ds6engine5testss_19test_bounded_output
FNDA:1,_RNvNtNtCsAczdvGzAfp_8relay_ds6engine5testss_20test_disabled_filter
FNDA:1,_RNvNtNtCsAczdvGzAfp_8relay_ds6engine5testss_20test_matching_filter
FNDA:1,_RNvNtNtCsAczdvGzAfp_8relay_ds6engine5testss_25test_filter_count_bounded
FNDA:1,_RNvNtNtCsAczdvGzAfp_8relay_ds6engine5testss_26test_multiple_destinations
FNDA:9,_RNvMNtCsAczdvGzAfp_8relay_ds6engineNtB2_11FilterEntry5empty
FNDA:107,_RNvMs0_NtCsAczdvGzAfp_8relay_ds6engineNtB5_11FilterTable10add_filter
FNDA:2,_RNvMs0_NtCsAczdvGzAfp_8relay_ds6engineNtB5_11FilterTable12filter_count
FNDA:8,_RNvMs0_NtCsAczdvGzAfp_8relay_ds6engineNtB5_11FilterTable3new
FNDA:6,_RNvMs0_NtCsAczdvGzAfp_8relay_ds6engineNtB5_11FilterTable8evaluate
FNDA:6,_RNvMs_NtCsAczdvGzAfp_8relay_ds6engineNtB4_15StorageDecision5empty
FNF:14
FNH:14
DA:38,9
DA:39,9
DA:40,9
DA:41,9
DA:42,9
DA:43,9
DA:44,9
DA:45,9
DA:49,6
DA:50,6
DA:51,6
DA:52,6
DA:53,6
DA:54,6
DA:55,6
DA:59,8
DA:60,8
DA:61,8
DA:62,8
DA:63,8
DA:64,8
DA:66,107
DA:67,107
DA:68,106
DA:69,106
DA:70,106
DA:71,106
DA:72,107
DA:74,2
DA:76,6
DA:77,6
DA:78,6
DA:79,6
DA:80,6
DA:82,6
DA:83,6
DA:84,28
DA:85,23
DA:86,22
DA:87,22
DA:89,22
DA:90,20
DA:91,20
DA:92,20
DA:93,20
DA:94,20
DA:95,20
DA:96,20
DA:97,20
DA:99,22
DA:102,6
DA:103,6
DA:111,1
DA:112,1
DA:113,1
DA:114,1
DA:115,1
DA:118,1
DA:119,1
DA:120,1
DA:121,1
DA:122,1
DA:123,1
DA:124,1
DA:125,1
DA:126,1
DA:127,1
DA:128,1
DA:129,1
DA:130,1
DA:131,1
DA:134,1
DA:135,1
DA:136,1
DA:137,1
DA:138,1
DA:139,1
DA:140,1
DA:141,1
DA:142,1
DA:143,1
DA:144,1
DA:147,1
DA:148,1
DA:149,1
DA:150,1
DA:151,1
DA:152,1
DA:153,1
DA:154,1
DA:155,1
DA:156,1
DA:157,1
DA:160,1
DA:161,1
DA:162,1
DA:163,1
DA:164,1
DA:165,1
DA:166,1
DA:167,1
DA:168,1
DA:169,1
DA:170,1
DA:171,1
DA:172,1
DA:173,1
DA:174,1
DA:175,1
DA:176,1
DA:177,1
DA:178,1
DA:179,1
DA:180,1
DA:181,1
DA:182,1
DA:183,1
DA:184,1
DA:185,1
DA:188,1
DA:189,1
DA:190,26
DA:191,26
DA:192,26
DA:193,26
DA:194,26
DA:195,26
DA:196,26
DA:197,26
DA:198,1
DA:199,1
DA:200,1
DA:203,1
DA:204,1
DA:205,64
DA:206,64
DA:207,64
DA:208,64
DA:209,64
DA:210,64
DA:211,64
DA:213,1
DA:214,1
DA:217,1
DA:218,1
DA:219,10
DA:220,10
DA:221,10
DA:222,10
DA:223,10
DA:224,10
DA:225,10
DA:226,10
DA:227,1
DA:228,1
DA:229,1
BRF:0
BRH:0
LF:156
LH:156
end_of_record
SF:/Users/r/git/pulseengine/relay/crates/relay-ekf-stub/plain/src/lib.rs
FN:90,_RNvNtCs2YrpYPUPE7F_14relay_ekf_stub5testss_24fresh_stub_has_zero_time
FN:112,_RNvNtCs2YrpYPUPE7F_14relay_ekf_stub5testss_24tick_passes_time_through
FN:121,_RNvNtCs2YrpYPUPE7F_14relay_ekf_stub5testss_27innovation_is_quiet_in_stub
FN:96,_RNvNtCs2YrpYPUPE7F_14relay_ekf_stub5testss_32tick_returns_identity_quaternion
FN:104,_RNvNtCs2YrpYPUPE7F_14relay_ekf_stub5testss_39tick_returns_zero_position_and_velocity
FN:130,_RNvNtCs2YrpYPUPE7F_14relay_ekf_stub5testss_41deterministic_across_ticks_with_same_time
FN:140,_RNvNtCs2YrpYPUPE7F_14relay_ekf_stub5testss_46unit_quaternion_check_rejects_clearly_non_unit
FN:79,_RNvCs2YrpYPUPE7F_14relay_ekf_stub18is_unit_quaternion
FN:50,_RNvMCs2YrpYPUPE7F_14relay_ekf_stubNtB2_7EkfStub3new
FN:57,_RNvMCs2YrpYPUPE7F_14relay_ekf_stubNtB2_7EkfStub4tick
FN:69,_RNvMCs2YrpYPUPE7F_14relay_ekf_stubNtB2_7EkfStub9last_time
FNDA:1,_RNvNtCs2YrpYPUPE7F_14relay_ekf_stub5testss_24fresh_stub_has_zero_time
FNDA:1,_RNvNtCs2YrpYPUPE7F_14relay_ekf_stub5testss_24tick_passes_time_through
FNDA:1,_RNvNtCs2YrpYPUPE7F_14relay_ekf_stub5testss_27innovation_is_quiet_in_stub
FNDA:1,_RNvNtCs2YrpYPUPE7F_14relay_ekf_stub5testss_32tick_returns_identity_quaternion
FNDA:1,_RNvNtCs2YrpYPUPE7F_14relay_ekf_stub5testss_39tick_returns_zero_position_and_velocity
FNDA:1,_RNvNtCs2YrpYPUPE7F_14relay_ekf_stub5testss_41deterministic_across_ticks_with_same_time
FNDA:1,_RNvNtCs2YrpYPUPE7F_14relay_ekf_stub5testss_46unit_quaternion_check_rejects_clearly_non_unit
FNDA:261,_RNvCs2YrpYPUPE7F_14relay_ekf_stub18is_unit_quaternion
FNDA:519,_RNvMCs2YrpYPUPE7F_14relay_ekf_stubNtB2_7EkfStub3new
FNDA:518,_RNvMCs2YrpYPUPE7F_14relay_ekf_stubNtB2_7EkfStub4tick
FNDA:2,_RNvMCs2YrpYPUPE7F_14relay_ekf_stubNtB2_7EkfStub9last_time
FNF:11
FNH:11
DA:50,519
DA:51,519
DA:52,519
DA:57,518
DA:58,518
DA:59,518
DA:60,518
DA:61,518
DA:62,518
DA:63,518
DA:64,518
DA:65,518
DA:66,518
DA:69,2
DA:70,2
DA:71,2
DA:79,261
DA:80,261
DA:81,261
DA:82,261
DA:83,261
DA:90,1
DA:91,1
DA:92,1
DA:93,1
DA:96,1
DA:97,1
DA:98,1
DA:99,1
DA:100,1
DA:101,1
DA:104,1
DA:105,1
DA:106,1
DA:107,1
DA:108,1
DA:109,1
DA:112,1
DA:113,1
DA:114,1
DA:115,1
DA:116,1
DA:117,1
DA:118,1
DA:121,1
DA:124,1
DA:125,1
DA:126,1
DA:127,1
DA:130,1
DA:131,1
DA:132,1
DA:133,1
DA:134,1
DA:135,1
DA:136,1
DA:137,1
DA:140,1
DA:141,1
DA:142,1
DA:143,1
DA:144,1
DA:145,1
BRF:0
BRH:0
LF:63
LH:63
end_of_record
SF:/Users/r/git/pulseengine/relay/crates/relay-ekf/plain/src/lib.rs
FN:292,_RNvCsdJ3AV6JgiPP_9relay_ekf8quat_mulCsligFAYCG072_16falcon_ekf_bench
FN:360,_RNvCsdJ3AV6JgiPP_9relay_ekf10all_finiteB1_
FN:365,_RNvCsdJ3AV6JgiPP_9relay_ekf18is_unit_quaternion
FN:311,_RNvCsdJ3AV6JgiPP_9relay_ekf26rotate_body_to_ned_inverseB1_
FN:319,_RNvCsdJ3AV6JgiPP_9relay_ekf5crossB1_
FN:342,_RNvCsdJ3AV6JgiPP_9relay_ekf6extendB1_
FN:292,_RNvCsdJ3AV6JgiPP_9relay_ekf8quat_mulB1_
FN:347,_RNvCsdJ3AV6JgiPP_9relay_ekf9clamp_f32B1_
FN:330,_RNvCsdJ3AV6JgiPP_9relay_ekf9normaliseB1_
FN:303,_RNvCsdJ3AV6JgiPP_9relay_ekf9quat_conjB1_
FN:74,_RNvMCsdJ3AV6JgiPP_9relay_ekfNtB2_9Timestamp11as_secs_f32
FN:186,_RNvMs1_CsdJ3AV6JgiPP_9relay_ekfNtB5_3Ekf10quaternion
FN:155,_RNvMs1_CsdJ3AV6JgiPP_9relay_ekfNtB5_3Ekf10with_gains
FN:190,_RNvMs1_CsdJ3AV6JgiPP_9relay_ekfNtB5_3Ekf15last_innovation
FN:168,_RNvMs1_CsdJ3AV6JgiPP_9relay_ekfNtB5_3Ekf22set_initial_quaternion
FN:144,_RNvMs1_CsdJ3AV6JgiPP_9relay_ekfNtB5_3Ekf3new
FN:182,_RNvMs1_CsdJ3AV6JgiPP_9relay_ekfNtB5_3Ekf4bias
FN:202,_RNvMs1_CsdJ3AV6JgiPP_9relay_ekfNtB5_3Ekf4tick
FN:174,_RNvMs1_CsdJ3AV6JgiPP_9relay_ekfNtB5_3Ekf5gains
FN:194,_RNvMs1_CsdJ3AV6JgiPP_9relay_ekfNtB5_3Ekf9last_time
FN:178,_RNvMs1_CsdJ3AV6JgiPP_9relay_ekfNtB5_3Ekf9set_gains
FN:119,_RNvXs0_CsdJ3AV6JgiPP_9relay_ekfNtB5_8EkfGainsNtNtCsl8K0bEFm1U0_4core7default7Default7default
FN:280,_RNvXs2_CsdJ3AV6JgiPP_9relay_ekfNtB5_3EkfNtNtCsl8K0bEFm1U0_4core7default7Default7default
FN:292,_RNvCsdJ3AV6JgiPP_9relay_ekf8quat_mulCs2rz6zT6Erl6_14falcon_sitl_gz
FN:292,_RNvCsdJ3AV6JgiPP_9relay_ekf8quat_mulCs7GhACO55o8S_17falcon_sitl_hover
FN:552,_RNvNtCs87Y7i1Wny8C_9relay_ekf5tests14any_finite_f32
FN:377,_RNvNtCs87Y7i1Wny8C_9relay_ekf5tests6imu_at
FN:492,_RNvNtCs87Y7i1Wny8C_9relay_ekf5testss_21bias_estimate_bounded
FN:510,_RNvNtCs87Y7i1Wny8C_9relay_ekf5testss_22quat_mul_identity_left
FN:517,_RNvNtCs87Y7i1Wny8C_9relay_ekf5testss_23quat_mul_identity_right
FN:534,_RNvNtCs87Y7i1Wny8C_9relay_ekf5testss_25cross_of_parallel_is_zero
FN:546,_RNvNtCs87Y7i1Wny8C_9relay_ekf5testss_26normalise_nan_returns_none
FN:541,_RNvNtCs87Y7i1Wny8C_9relay_ekf5testss_27normalise_zero_returns_none
FN:394,_RNvNtCs87Y7i1Wny8C_9relay_ekf5testss_30fresh_estimator_is_at_identity
FN:403,_RNvNtCs87Y7i1Wny8C_9relay_ekf5testss_38ekf_p01_tick_preserves_unit_quaternion
FN:524,_RNvNtCs87Y7i1Wny8C_9relay_ekf5testss_38rotate_inverse_identity_passes_through
FN:411,_RNvNtCs87Y7i1Wny8C_9relay_ekf5testss_39ekf_p02_zero_accel_does_not_produce_nan
FN:420,_RNvNtCs87Y7i1Wny8C_9relay_ekf5testss_42ekf_p02_extreme_accel_does_not_produce_nan
FN:430,_RNvNtCs87Y7i1Wny8C_9relay_ekf5testss_48ekf_p04_static_rest_converges_to_gravity_aligned
FN:473,_RNvNtCs87Y7i1Wny8C_9relay_ekf5testss_50ekf_p03_innovation_monotone_with_tilt_disagreement
FN:453,_RNvNtCs87Y7i1Wny8C_9relay_ekf5testss_51ekf_p05_pure_yaw_gyro_does_not_destabilise_attitude
FN:360,_RNvCs87Y7i1Wny8C_9relay_ekf10all_finiteB1_
FN:365,_RNvCs87Y7i1Wny8C_9relay_ekf18is_unit_quaternion
FN:311,_RNvCs87Y7i1Wny8C_9relay_ekf26rotate_body_to_ned_inverseB1_
FN:319,_RNvCs87Y7i1Wny8C_9relay_ekf5crossB1_
FN:342,_RNvCs87Y7i1Wny8C_9relay_ekf6extendB1_
FN:292,_RNvCs87Y7i1Wny8C_9relay_ekf8quat_mulB1_
FN:347,_RNvCs87Y7i1Wny8C_9relay_ekf9clamp_f32B1_
FN:330,_RNvCs87Y7i1Wny8C_9relay_ekf9normaliseB1_
FN:303,_RNvCs87Y7i1Wny8C_9relay_ekf9quat_conjB1_
FN:74,_RNvMCs87Y7i1Wny8C_9relay_ekfNtB2_9Timestamp11as_secs_f32
FN:186,_RNvMs1_Cs87Y7i1Wny8C_9relay_ekfNtB5_3Ekf10quaternion
FN:190,_RNvMs1_Cs87Y7i1Wny8C_9relay_ekfNtB5_3Ekf15last_innovation
FN:144,_RNvMs1_Cs87Y7i1Wny8C_9relay_ekfNtB5_3Ekf3new
FN:182,_RNvMs1_Cs87Y7i1Wny8C_9relay_ekfNtB5_3Ekf4bias
FN:202,_RNvMs1_Cs87Y7i1Wny8C_9relay_ekfNtB5_3Ekf4tick
FN:155,_RNvMs1_Cs87Y7i1Wny8C_9relay_ekfNtB5_3Ekf10with_gains
FN:168,_RNvMs1_Cs87Y7i1Wny8C_9relay_ekfNtB5_3Ekf22set_initial_quaternion
FN:174,_RNvMs1_Cs87Y7i1Wny8C_9relay_ekfNtB5_3Ekf5gains
FN:194,_RNvMs1_Cs87Y7i1Wny8C_9relay_ekfNtB5_3Ekf9last_time
FN:178,_RNvMs1_Cs87Y7i1Wny8C_9relay_ekfNtB5_3Ekf9set_gains
FN:119,_RNvXs0_Cs87Y7i1Wny8C_9relay_ekfNtB5_8EkfGainsNtNtCsl8K0bEFm1U0_4core7default7Default7default
FN:280,_RNvXs2_Cs87Y7i1Wny8C_9relay_ekfNtB5_3EkfNtNtCsl8K0bEFm1U0_4core7default7Default7default
FNDA:30002,_RNvCsdJ3AV6JgiPP_9relay_ekf8quat_mulCsligFAYCG072_16falcon_ekf_bench
FNDA:148000,_RNvCsdJ3AV6JgiPP_9relay_ekf10all_finiteB1_
FNDA:0,_RNvCsdJ3AV6JgiPP_9relay_ekf18is_unit_quaternion
FNDA:148000,_RNvCsdJ3AV6JgiPP_9relay_ekf26rotate_body_to_ned_inverseB1_
FNDA:148000,_RNvCsdJ3AV6JgiPP_9relay_ekf5crossB1_
FNDA:296000,_RNvCsdJ3AV6JgiPP_9relay_ekf6extendB1_
FNDA:444000,_RNvCsdJ3AV6JgiPP_9relay_ekf8quat_mulB1_
FNDA:591972,_RNvCsdJ3AV6JgiPP_9relay_ekf9clamp_f32B1_
FNDA:444000,_RNvCsdJ3AV6JgiPP_9relay_ekf9normaliseB1_
FNDA:148000,_RNvCsdJ3AV6JgiPP_9relay_ekf9quat_conjB1_
FNDA:295944,_RNvMCsdJ3AV6JgiPP_9relay_ekfNtB2_9Timestamp11as_secs_f32
FNDA:0,_RNvMs1_CsdJ3AV6JgiPP_9relay_ekfNtB5_3Ekf10quaternion
FNDA:0,_RNvMs1_CsdJ3AV6JgiPP_9relay_ekfNtB5_3Ekf10with_gains
FNDA:0,_RNvMs1_CsdJ3AV6JgiPP_9relay_ekfNtB5_3Ekf15last_innovation
FNDA:0,_RNvMs1_CsdJ3AV6JgiPP_9relay_ekfNtB5_3Ekf22set_initial_quaternion
FNDA:14,_RNvMs1_CsdJ3AV6JgiPP_9relay_ekfNtB5_3Ekf3new
FNDA:0,_RNvMs1_CsdJ3AV6JgiPP_9relay_ekfNtB5_3Ekf4bias
FNDA:148000,_RNvMs1_CsdJ3AV6JgiPP_9relay_ekfNtB5_3Ekf4tick
FNDA:0,_RNvMs1_CsdJ3AV6JgiPP_9relay_ekfNtB5_3Ekf5gains
FNDA:0,_RNvMs1_CsdJ3AV6JgiPP_9relay_ekfNtB5_3Ekf9last_time
FNDA:0,_RNvMs1_CsdJ3AV6JgiPP_9relay_ekfNtB5_3Ekf9set_gains
FNDA:0,_RNvXs0_CsdJ3AV6JgiPP_9relay_ekfNtB5_8EkfGainsNtNtCsl8K0bEFm1U0_4core7default7Default7default
FNDA:0,_RNvXs2_CsdJ3AV6JgiPP_9relay_ekfNtB5_3EkfNtNtCsl8K0bEFm1U0_4core7default7Default7default
FNDA:306,_RNvCsdJ3AV6JgiPP_9relay_ekf8quat_mulCs2rz6zT6Erl6_14falcon_sitl_gz
FNDA:634000,_RNvCsdJ3AV6JgiPP_9relay_ekf8quat_mulCs7GhACO55o8S_17falcon_sitl_hover
FNDA:3,_RNvNtCs87Y7i1Wny8C_9relay_ekf5tests14any_finite_f32
FNDA:103009,_RNvNtCs87Y7i1Wny8C_9relay_ekf5tests6imu_at
FNDA:1,_RNvNtCs87Y7i1Wny8C_9relay_ekf5testss_21bias_estimate_bounded
FNDA:1,_RNvNtCs87Y7i1Wny8C_9relay_ekf5testss_22quat_mul_identity_left
FNDA:1,_RNvNtCs87Y7i1Wny8C_9relay_ekf5testss_23quat_mul_identity_right
FNDA:1,_RNvNtCs87Y7i1Wny8C_9relay_ekf5testss_25cross_of_parallel_is_zero
FNDA:1,_RNvNtCs87Y7i1Wny8C_9relay_ekf5testss_26normalise_nan_returns_none
FNDA:1,_RNvNtCs87Y7i1Wny8C_9relay_ekf5testss_27normalise_zero_returns_none
FNDA:1,_RNvNtCs87Y7i1Wny8C_9relay_ekf5testss_30fresh_estimator_is_at_identity
FNDA:1,_RNvNtCs87Y7i1Wny8C_9relay_ekf5testss_38ekf_p01_tick_preserves_unit_quaternion
FNDA:1,_RNvNtCs87Y7i1Wny8C_9relay_ekf5testss_38rotate_inverse_identity_passes_through
FNDA:1,_RNvNtCs87Y7i1Wny8C_9relay_ekf5testss_39ekf_p02_zero_accel_does_not_produce_nan
FNDA:1,_RNvNtCs87Y7i1Wny8C_9relay_ekf5testss_42ekf_p02_extreme_accel_does_not_produce_nan
FNDA:1,_RNvNtCs87Y7i1Wny8C_9relay_ekf5testss_48ekf_p04_static_rest_converges_to_gravity_aligned
FNDA:1,_RNvNtCs87Y7i1Wny8C_9relay_ekf5testss_50ekf_p03_innovation_monotone_with_tilt_disagreement
FNDA:1,_RNvNtCs87Y7i1Wny8C_9relay_ekf5testss_51ekf_p05_pure_yaw_gyro_does_not_destabilise_attitude
FNDA:108257,_RNvCs87Y7i1Wny8C_9relay_ekf10all_finiteB1_
FNDA:5419,_RNvCs87Y7i1Wny8C_9relay_ekf18is_unit_quaternion
FNDA:108260,_RNvCs87Y7i1Wny8C_9relay_ekf26rotate_body_to_ned_inverseB1_
FNDA:108258,_RNvCs87Y7i1Wny8C_9relay_ekf5crossB1_
FNDA:216679,_RNvCs87Y7i1Wny8C_9relay_ekf6extendB1_
FNDA:324944,_RNvCs87Y7i1Wny8C_9relay_ekf8quat_mulB1_
FNDA:433164,_RNvCs87Y7i1Wny8C_9relay_ekf9clamp_f32B1_
FNDA:325103,_RNvCs87Y7i1Wny8C_9relay_ekf9normaliseB1_
FNDA:108262,_RNvCs87Y7i1Wny8C_9relay_ekf9quat_conjB1_
FNDA:215796,_RNvMCs87Y7i1Wny8C_9relay_ekfNtB2_9Timestamp11as_secs_f32
FNDA:5,_RNvMs1_Cs87Y7i1Wny8C_9relay_ekfNtB5_3Ekf10quaternion
FNDA:14,_RNvMs1_Cs87Y7i1Wny8C_9relay_ekfNtB5_3Ekf15last_innovation
FNDA:525,_RNvMs1_Cs87Y7i1Wny8C_9relay_ekfNtB5_3Ekf3new
FNDA:15475,_RNvMs1_Cs87Y7i1Wny8C_9relay_ekfNtB5_3Ekf4bias
FNDA:108422,_RNvMs1_Cs87Y7i1Wny8C_9relay_ekfNtB5_3Ekf4tick
FNDA:0,_RNvMs1_Cs87Y7i1Wny8C_9relay_ekfNtB5_3Ekf10with_gains
FNDA:0,_RNvMs1_Cs87Y7i1Wny8C_9relay_ekfNtB5_3Ekf22set_initial_quaternion
FNDA:0,_RNvMs1_Cs87Y7i1Wny8C_9relay_ekfNtB5_3Ekf5gains
FNDA:0,_RNvMs1_Cs87Y7i1Wny8C_9relay_ekfNtB5_3Ekf9last_time
FNDA:0,_RNvMs1_Cs87Y7i1Wny8C_9relay_ekfNtB5_3Ekf9set_gains
FNDA:0,_RNvXs0_Cs87Y7i1Wny8C_9relay_ekfNtB5_8EkfGainsNtNtCsl8K0bEFm1U0_4core7default7Default7default
FNDA:0,_RNvXs2_Cs87Y7i1Wny8C_9relay_ekfNtB5_3EkfNtNtCsl8K0bEFm1U0_4core7default7Default7default
FNF:38
FNH:31
DA:74,511740
DA:75,511740
DA:76,511740
DA:119,0
DA:120,0
DA:121,0
DA:144,539
DA:145,539
DA:146,539
DA:147,539
DA:148,539
DA:149,539
DA:150,539
DA:151,539
DA:152,539
DA:155,0
DA:156,0
DA:157,0
DA:158,0
DA:159,0
DA:160,0
DA:161,0
DA:162,0
DA:163,0
DA:168,0
DA:169,0
DA:170,0
DA:171,0
DA:172,0
DA:174,0
DA:175,0
DA:176,0
DA:178,0
DA:179,0
DA:180,0
DA:182,15475
DA:183,15475
DA:184,15475
DA:186,5
DA:187,5
DA:188,5
DA:190,14
DA:191,14
DA:192,14
DA:194,0
DA:195,0
DA:196,0
DA:202,256422
DA:204,256422
DA:205,552
DA:207,255870
DA:210,255870
DA:212,256422
DA:216,256422
DA:217,256422
DA:218,256257
DA:220,256257
DA:221,256257
DA:230,256257
DA:231,256257
DA:232,256257
DA:233,256257
DA:234,256257
DA:236,165
DA:238,256422
DA:241,769266
DA:242,769266
DA:243,769266
DA:244,769266
DA:245,769266
DA:246,769266
DA:249,256422
DA:250,256422
DA:251,256422
DA:252,256422
DA:253,256422
DA:256,256422
DA:257,256422
DA:258,256422
DA:259,256422
DA:260,256422
DA:261,256422
DA:262,256422
DA:266,256422
DA:267,256422
DA:269,256422
DA:270,256422
DA:271,256422
DA:272,256422
DA:273,256422
DA:274,256422
DA:275,256422
DA:276,256422
DA:280,0
DA:281,0
DA:282,0
DA:292,1433252
DA:293,1433252
DA:294,1433252
DA:295,1433252
DA:296,1433252
DA:297,1433252
DA:298,1433252
DA:299,1433252
DA:303,256262
DA:304,256262
DA:305,256262
DA:311,256260
DA:312,256260
DA:313,256260
DA:314,256260
DA:315,256260
DA:319,256258
DA:320,256258
DA:321,256258
DA:322,256258
DA:323,256258
DA:324,256258
DA:325,256258
DA:330,769103
DA:331,769103
DA:332,769103
DA:333,167
DA:334,768936
DA:335,768936
DA:336,768936
DA:337,769103
DA:342,512679
DA:343,512679
DA:344,512679
DA:347,1025136
DA:348,1025136
DA:349,0
DA:350,1025136
DA:351,0
DA:352,1025136
DA:353,0
DA:355,1025136
DA:357,1025136
DA:360,256257
DA:361,256257
DA:362,256257
DA:365,5419
DA:366,5419
DA:367,5419
DA:368,5419
DA:369,5419
DA:377,103009
DA:378,103009
DA:379,103009
DA:380,103009
DA:381,103009
DA:382,103009
DA:383,103009
DA:384,103009
DA:394,1
DA:395,1
DA:396,1
DA:397,1
DA:398,1
DA:399,1
DA:400,1
DA:403,1
DA:404,1
DA:405,1
DA:406,1
DA:407,1
DA:408,1
DA:411,1
DA:412,1
DA:413,1
DA:414,1
DA:415,1
DA:416,1
DA:417,1
DA:420,1
DA:421,1
DA:422,1
DA:423,1
DA:425,1
DA:426,1
DA:427,1
DA:430,1
DA:431,1
DA:432,1
DA:434,2000
DA:435,2000
DA:436,2000
DA:437,2000
DA:441,1
DA:442,1
DA:444,1
DA:445,1
DA:447,0
DA:448,1
DA:449,0
DA:450,1
DA:453,1
DA:457,1
DA:458,1
DA:459,1000
DA:460,1000
DA:461,1000
DA:462,1000
DA:463,1
DA:466,1
DA:467,1
DA:469,0
DA:470,1
DA:473,1
DA:477,1
DA:478,6
DA:479,6
DA:481,6
DA:482,6
DA:483,6
DA:484,6
DA:486,0
DA:487,6
DA:489,1
DA:492,1
DA:494,1
DA:495,1
DA:497,1
DA:498,100000
DA:499,100000
DA:500,100000
DA:501,100000
DA:502,3
DA:503,3
DA:504,0
DA:506,1
DA:507,1
DA:510,1
DA:511,1
DA:512,1
DA:513,1
DA:514,1
DA:517,1
DA:518,1
DA:519,1
DA:520,1
DA:521,1
DA:524,1
DA:525,1
DA:526,1
DA:527,1
DA:528,3
DA:529,3
DA:531,1
DA:534,1
DA:535,1
DA:536,1
DA:537,1
DA:538,1
DA:541,1
DA:542,1
DA:543,1
DA:546,1
DA:547,1
DA:548,1
DA:552,3
DA:553,3
DA:554,3
BRF:0
BRH:0
LF:264
LH:227
end_of_record
SF:/Users/r/git/pulseengine/relay/crates/relay-fm/plain/src/engine.rs
FN:122,_RNvNtNtCsaoFLG6RvD8R_8relay_fm6engine5tests9make_path
FN:127,_RNvNtNtCsaoFLG6RvD8R_8relay_fm6engine5testss_15test_valid_path
FN:139,_RNvNtNtCsaoFLG6RvD8R_8relay_fm6engine5testss_18test_path_too_long
FN:209,_RNvNtNtCsaoFLG6RvD8R_8relay_fm6engine5testss_23test_all_commands_valid
FN:146,_RNvNtNtCsaoFLG6RvD8R_8relay_fm6engine5testss_23test_null_byte_rejected
FN:162,_RNvNtNtCsaoFLG6RvD8R_8relay_fm6engine5testss_23test_valid_copy_command
FN:133,_RNvNtNtCsaoFLG6RvD8R_8relay_fm6engine5testss_24test_empty_path_rejected
FN:170,_RNvNtNtCsaoFLG6RvD8R_8relay_fm6engine5testss_26test_delete_no_dest_needed
FN:197,_RNvNtNtCsaoFLG6RvD8R_8relay_fm6engine5testss_26test_paths_equal_symmetric
FN:178,_RNvNtNtCsaoFLG6RvD8R_8relay_fm6engine5testss_28test_all_validation_variants
FN:154,_RNvNtNtCsaoFLG6RvD8R_8relay_fm6engine5testss_28test_source_eq_dest_rejected
FN:32,_RNvMNtCsaoFLG6RvD8R_8relay_fm6engineNtB2_8FilePath10from_bytes
FN:28,_RNvMNtCsaoFLG6RvD8R_8relay_fm6engineNtB2_8FilePath5empty
FN:66,_RNvNtCsaoFLG6RvD8R_8relay_fm6engine11paths_equal
FN:45,_RNvNtCsaoFLG6RvD8R_8relay_fm6engine13validate_path
FN:84,_RNvNtCsaoFLG6RvD8R_8relay_fm6engine16validate_request
FNDA:14,_RNvNtNtCsaoFLG6RvD8R_8relay_fm6engine5tests9make_path
FNDA:1,_RNvNtNtCsaoFLG6RvD8R_8relay_fm6engine5testss_15test_valid_path
FNDA:1,_RNvNtNtCsaoFLG6RvD8R_8relay_fm6engine5testss_18test_path_too_long
FNDA:1,_RNvNtNtCsaoFLG6RvD8R_8relay_fm6engine5testss_23test_all_commands_valid
FNDA:1,_RNvNtNtCsaoFLG6RvD8R_8relay_fm6engine5testss_23test_null_byte_rejected
FNDA:1,_RNvNtNtCsaoFLG6RvD8R_8relay_fm6engine5testss_23test_valid_copy_command
FNDA:1,_RNvNtNtCsaoFLG6RvD8R_8relay_fm6engine5testss_24test_empty_path_rejected
FNDA:1,_RNvNtNtCsaoFLG6RvD8R_8relay_fm6engine5testss_26test_delete_no_dest_needed
FNDA:1,_RNvNtNtCsaoFLG6RvD8R_8relay_fm6engine5testss_26test_paths_equal_symmetric
FNDA:1,_RNvNtNtCsaoFLG6RvD8R_8relay_fm6engine5testss_28test_all_validation_variants
FNDA:1,_RNvNtNtCsaoFLG6RvD8R_8relay_fm6engine5testss_28test_source_eq_dest_rejected
FNDA:14,_RNvMNtCsaoFLG6RvD8R_8relay_fm6engineNtB2_8FilePath10from_bytes
FNDA:19,_RNvMNtCsaoFLG6RvD8R_8relay_fm6engineNtB2_8FilePath5empty
FNDA:11,_RNvNtCsaoFLG6RvD8R_8relay_fm6engine11paths_equal
FNDA:29,_RNvNtCsaoFLG6RvD8R_8relay_fm6engine13validate_path
FNDA:15,_RNvNtCsaoFLG6RvD8R_8relay_fm6engine16validate_request
FNF:16
FNH:16
DA:28,19
DA:29,19
DA:30,19
DA:32,14
DA:33,14
DA:34,14
DA:35,14
DA:36,133
DA:37,119
DA:38,119
DA:39,119
DA:40,14
DA:41,14
DA:42,14
DA:45,29
DA:47,29
DA:48,2
DA:49,27
DA:51,27
DA:52,2
DA:53,25
DA:55,25
DA:56,25
DA:57,173
DA:58,149
DA:59,1
DA:60,148
DA:61,148
DA:63,24
DA:64,29
DA:66,11
DA:67,11
DA:68,3
DA:69,8
DA:70,8
DA:71,8
DA:72,0
DA:73,8
DA:74,8
DA:75,61
DA:76,57
DA:77,4
DA:78,53
DA:79,53
DA:81,4
DA:82,11
DA:84,15
DA:86,15
DA:87,2
DA:88,1
DA:89,1
DA:90,1
DA:91,13
DA:93,13
DA:94,3
DA:95,3
DA:96,3
DA:98,10
DA:99,0
DA:100,0
DA:101,0
DA:102,0
DA:103,10
DA:107,13
DA:109,7
DA:110,2
DA:111,5
DA:113,6
DA:115,11
DA:116,15
DA:122,14
DA:123,14
DA:124,14
DA:127,1
DA:128,1
DA:129,1
DA:130,1
DA:133,1
DA:134,1
DA:135,1
DA:136,1
DA:139,1
DA:140,1
DA:141,1
DA:142,1
DA:143,1
DA:146,1
DA:147,1
DA:149,1
DA:150,1
DA:151,1
DA:154,1
DA:155,1
DA:156,1
DA:157,1
DA:158,1
DA:159,1
DA:162,1
DA:163,1
DA:164,1
DA:165,1
DA:166,1
DA:167,1
DA:170,1
DA:171,1
DA:172,1
DA:173,1
DA:174,1
DA:175,1
DA:178,1
DA:180,1
DA:181,1
DA:182,1
DA:185,1
DA:188,1
DA:189,1
DA:190,1
DA:193,1
DA:194,1
DA:197,1
DA:198,1
DA:199,1
DA:200,1
DA:201,1
DA:203,1
DA:204,1
DA:205,1
DA:206,1
DA:209,1
DA:210,1
DA:211,1
DA:212,1
DA:213,1
DA:214,1
DA:215,1
DA:216,1
DA:217,8
DA:218,8
DA:219,8
DA:220,8
DA:222,1
BRF:0
BRH:0
LF:141
LH:136
end_of_record
SF:/Users/r/git/pulseengine/relay/crates/relay-hk/plain/src/engine.rs
FN:35,_RNvMNtCskWVbJnYJQvZ_8relay_hk6engineNtB2_9CopyEntry5empty
FN:47,_RNvMs0_NtCskWVbJnYJQvZ_8relay_hk6engineNtB5_8HkPacket3new
FN:53,_RNvMs1_NtCskWVbJnYJQvZ_8relay_hk6engineNtB5_9CopyTable3new
FN:69,_RNvMs1_NtCskWVbJnYJQvZ_8relay_hk6engineNtB5_9CopyTable7collect
FN:60,_RNvMs1_NtCskWVbJnYJQvZ_8relay_hk6engineNtB5_9CopyTable9add_entry
FN:41,_RNvMs_NtCskWVbJnYJQvZ_8relay_hk6engineNtB4_10SourceData5empty
FN:129,_RNvNtNtCskWVbJnYJQvZ_8relay_hk6engine5testss_16test_single_copy
FN:156,_RNvNtNtCskWVbJnYJQvZ_8relay_hk6engine5testss_20test_multiple_copies
FN:216,_RNvNtNtCskWVbJnYJQvZ_8relay_hk6engine5testss_21test_source_not_found
FN:182,_RNvNtNtCskWVbJnYJQvZ_8relay_hk6engine5testss_24test_output_bounds_check
FN:240,_RNvNtNtCskWVbJnYJQvZ_8relay_hk6engine5testss_24test_sequence_increments
FN:199,_RNvNtNtCskWVbJnYJQvZ_8relay_hk6engine5testss_24test_source_bounds_check
FN:231,_RNvNtNtCskWVbJnYJQvZ_8relay_hk6engine5testss_29test_table_full_returns_false
FN:120,_RNvNtNtCskWVbJnYJQvZ_8relay_hk6engine5testss_33test_empty_table_collect_succeeds
FN:67,_RNvMs1_NtCskWVbJnYJQvZ_8relay_hk6engineNtB5_9CopyTable11entry_count
FNDA:137,_RNvMNtCskWVbJnYJQvZ_8relay_hk6engineNtB2_9CopyEntry5empty
FNDA:7,_RNvMs0_NtCskWVbJnYJQvZ_8relay_hk6engineNtB5_8HkPacket3new
FNDA:8,_RNvMs1_NtCskWVbJnYJQvZ_8relay_hk6engineNtB5_9CopyTable3new
FNDA:8,_RNvMs1_NtCskWVbJnYJQvZ_8relay_hk6engineNtB5_9CopyTable7collect
FNDA:135,_RNvMs1_NtCskWVbJnYJQvZ_8relay_hk6engineNtB5_9CopyTable9add_entry
FNDA:5,_RNvMs_NtCskWVbJnYJQvZ_8relay_hk6engineNtB4_10SourceData5empty
FNDA:1,_RNvNtNtCskWVbJnYJQvZ_8relay_hk6engine5testss_16test_single_copy
FNDA:1,_RNvNtNtCskWVbJnYJQvZ_8relay_hk6engine5testss_20test_multiple_copies
FNDA:1,_RNvNtNtCskWVbJnYJQvZ_8relay_hk6engine5testss_21test_source_not_found
FNDA:1,_RNvNtNtCskWVbJnYJQvZ_8relay_hk6engine5testss_24test_output_bounds_check
FNDA:1,_RNvNtNtCskWVbJnYJQvZ_8relay_hk6engine5testss_24test_sequence_increments
FNDA:1,_RNvNtNtCskWVbJnYJQvZ_8relay_hk6engine5testss_24test_source_bounds_check
FNDA:1,_RNvNtNtCskWVbJnYJQvZ_8relay_hk6engine5testss_29test_table_full_returns_false
FNDA:1,_RNvNtNtCskWVbJnYJQvZ_8relay_hk6engine5testss_33test_empty_table_collect_succeeds
FNDA:0,_RNvMs1_NtCskWVbJnYJQvZ_8relay_hk6engineNtB5_9CopyTable11entry_count
FNF:15
FNH:14
DA:35,137
DA:36,137
DA:37,137
DA:41,5
DA:42,5
DA:43,5
DA:47,7
DA:48,7
DA:49,7
DA:53,8
DA:54,8
DA:55,8
DA:56,8
DA:57,8
DA:58,8
DA:60,135
DA:61,135
DA:62,134
DA:63,134
DA:64,134
DA:65,135
DA:67,0
DA:69,8
DA:70,8
DA:71,8
DA:72,11
DA:73,6
DA:76,6
DA:77,6
DA:80,5
DA:81,5
DA:84,4
DA:85,4
DA:86,5
DA:87,4
DA:89,3
DA:90,11
DA:91,8
DA:92,8
DA:93,8
DA:94,8
DA:95,3
DA:96,3
DA:97,1
DA:98,1
DA:101,4
DA:104,3
DA:105,3
DA:106,3
DA:108,3
DA:110,5
DA:111,5
DA:112,8
DA:120,1
DA:121,1
DA:122,1
DA:123,1
DA:124,1
DA:125,1
DA:126,1
DA:129,1
DA:130,1
DA:131,1
DA:132,1
DA:133,1
DA:134,1
DA:135,1
DA:136,1
DA:138,1
DA:139,1
DA:140,1
DA:141,1
DA:142,1
DA:143,1
DA:145,1
DA:146,1
DA:147,1
DA:148,1
DA:149,1
DA:150,1
DA:151,1
DA:152,1
DA:153,1
DA:156,1
DA:157,1
DA:158,1
DA:159,1
DA:161,1
DA:162,1
DA:163,1
DA:164,1
DA:166,1
DA:167,1
DA:168,1
DA:169,1
DA:171,1
DA:172,1
DA:173,1
DA:174,1
DA:175,1
DA:176,1
DA:177,1
DA:178,1
DA:179,1
DA:182,1
DA:183,1
DA:184,1
DA:185,1
DA:186,1
DA:187,1
DA:188,1
DA:189,1
DA:191,1
DA:192,1
DA:193,1
DA:194,1
DA:195,1
DA:196,1
DA:199,1
DA:200,1
DA:201,1
DA:202,1
DA:203,1
DA:204,1
DA:205,1
DA:206,1
DA:208,1
DA:209,1
DA:210,1
DA:211,1
DA:212,1
DA:213,1
DA:216,1
DA:217,1
DA:218,1
DA:219,1
DA:220,1
DA:221,1
DA:222,1
DA:223,1
DA:225,1
DA:226,1
DA:227,1
DA:228,1
DA:231,1
DA:232,1
DA:233,1
DA:234,128
DA:236,1
DA:237,1
DA:240,1
DA:241,1
DA:242,1
DA:243,1
DA:244,1
DA:245,1
DA:246,1
DA:247,1
DA:248,1
BRF:0
BRH:0
LF:159
LH:158
end_of_record
SF:/Users/r/git/pulseengine/relay/crates/relay-hs/plain/src/engine.rs
FN:42,_RNvMNtCsgc6147v7KcE_8relay_hs6engineNtB2_10AppMonitor5empty
FN:99,_RNvMs0_NtCsgc6147v7KcE_8relay_hs6engineNtB5_11HealthTable12check_health
FN:69,_RNvMs0_NtCsgc6147v7KcE_8relay_hs6engineNtB5_11HealthTable12register_app
FN:85,_RNvMs0_NtCsgc6147v7KcE_8relay_hs6engineNtB5_11HealthTable14update_counter
FN:62,_RNvMs0_NtCsgc6147v7KcE_8relay_hs6engineNtB5_11HealthTable3new
FN:97,_RNvMs0_NtCsgc6147v7KcE_8relay_hs6engineNtB5_11HealthTable9app_count
FN:195,_RNvMs1_NtCsgc6147v7KcE_8relay_hs6engineNtB5_16EkfHealthMonitor10rtl_active
FN:170,_RNvMs1_NtCsgc6147v7KcE_8relay_hs6engineNtB5_16EkfHealthMonitor11step_window
FN:161,_RNvMs1_NtCsgc6147v7KcE_8relay_hs6engineNtB5_16EkfHealthMonitor3new
FN:181,_RNvMs1_NtCsgc6147v7KcE_8relay_hs6engineNtB5_16EkfHealthMonitor7observe
FN:56,_RNvMs_NtCsgc6147v7KcE_8relay_hs6engineNtB4_7HsAlert5empty
FN:42,_RNvMNtCsbWHN4NNBaj9_8relay_hs6engineNtB2_10AppMonitor5empty
FN:99,_RNvMs0_NtCsbWHN4NNBaj9_8relay_hs6engineNtB5_11HealthTable12check_health
FN:69,_RNvMs0_NtCsbWHN4NNBaj9_8relay_hs6engineNtB5_11HealthTable12register_app
FN:85,_RNvMs0_NtCsbWHN4NNBaj9_8relay_hs6engineNtB5_11HealthTable14update_counter
FN:62,_RNvMs0_NtCsbWHN4NNBaj9_8relay_hs6engineNtB5_11HealthTable3new
FN:56,_RNvMs_NtCsbWHN4NNBaj9_8relay_hs6engineNtB4_7HsAlert5empty
FN:300,_RNvNtNtCsbWHN4NNBaj9_8relay_hs6engine5testss_15test_table_full
FN:205,_RNvNtNtCsbWHN4NNBaj9_8relay_hs6engine5testss_16test_empty_table
FN:285,_RNvNtNtCsbWHN4NNBaj9_8relay_hs6engine5testss_17test_action_types
FN:256,_RNvNtNtCsbWHN4NNBaj9_8relay_hs6engine5testss_18test_multiple_apps
FN:309,_RNvNtNtCsbWHN4NNBaj9_8relay_hs6engine5testss_24test_alert_count_bounded
FN:240,_RNvNtNtCsbWHN4NNBaj9_8relay_hs6engine5testss_25test_disabled_app_ignored
FN:266,_RNvNtNtCsbWHN4NNBaj9_8relay_hs6engine5testss_30test_counter_reset_on_activity
FN:212,_RNvNtNtCsbWHN4NNBaj9_8relay_hs6engine5testss_34test_counter_incrementing_no_alert
FN:224,_RNvNtNtCsbWHN4NNBaj9_8relay_hs6engine5testss_37test_stalled_app_alert_after_max_miss
FN:97,_RNvMs0_NtCsbWHN4NNBaj9_8relay_hs6engineNtB5_11HealthTable9app_count
FN:195,_RNvMs1_NtCsbWHN4NNBaj9_8relay_hs6engineNtB5_16EkfHealthMonitor10rtl_active
FN:170,_RNvMs1_NtCsbWHN4NNBaj9_8relay_hs6engineNtB5_16EkfHealthMonitor11step_window
FN:161,_RNvMs1_NtCsbWHN4NNBaj9_8relay_hs6engineNtB5_16EkfHealthMonitor3new
FN:181,_RNvMs1_NtCsbWHN4NNBaj9_8relay_hs6engineNtB5_16EkfHealthMonitor7observe
FNDA:0,_RNvMNtCsgc6147v7KcE_8relay_hs6engineNtB2_10AppMonitor5empty
FNDA:0,_RNvMs0_NtCsgc6147v7KcE_8relay_hs6engineNtB5_11HealthTable12check_health
FNDA:0,_RNvMs0_NtCsgc6147v7KcE_8relay_hs6engineNtB5_11HealthTable12register_app
FNDA:0,_RNvMs0_NtCsgc6147v7KcE_8relay_hs6engineNtB5_11HealthTable14update_counter
FNDA:0,_RNvMs0_NtCsgc6147v7KcE_8relay_hs6engineNtB5_11HealthTable3new
FNDA:0,_RNvMs0_NtCsgc6147v7KcE_8relay_hs6engineNtB5_11HealthTable9app_count
FNDA:3,_RNvMs1_NtCsgc6147v7KcE_8relay_hs6engineNtB5_16EkfHealthMonitor10rtl_active
FNDA:31155,_RNvMs1_NtCsgc6147v7KcE_8relay_hs6engineNtB5_16EkfHealthMonitor11step_window
FNDA:5,_RNvMs1_NtCsgc6147v7KcE_8relay_hs6engineNtB5_16EkfHealthMonitor3new
FNDA:48000,_RNvMs1_NtCsgc6147v7KcE_8relay_hs6engineNtB5_16EkfHealthMonitor7observe
FNDA:0,_RNvMs_NtCsgc6147v7KcE_8relay_hs6engineNtB4_7HsAlert5empty
FNDA:10,_RNvMNtCsbWHN4NNBaj9_8relay_hs6engineNtB2_10AppMonitor5empty
FNDA:16,_RNvMs0_NtCsbWHN4NNBaj9_8relay_hs6engineNtB5_11HealthTable12check_health
FNDA:75,_RNvMs0_NtCsbWHN4NNBaj9_8relay_hs6engineNtB5_11HealthTable12register_app
FNDA:3,_RNvMs0_NtCsbWHN4NNBaj9_8relay_hs6engineNtB5_11HealthTable14update_counter
FNDA:10,_RNvMs0_NtCsbWHN4NNBaj9_8relay_hs6engineNtB5_11HealthTable3new
FNDA:16,_RNvMs_NtCsbWHN4NNBaj9_8relay_hs6engineNtB4_7HsAlert5empty
FNDA:1,_RNvNtNtCsbWHN4NNBaj9_8relay_hs6engine5testss_15test_table_full
FNDA:1,_RNvNtNtCsbWHN4NNBaj9_8relay_hs6engine5testss_16test_empty_table
FNDA:1,_RNvNtNtCsbWHN4NNBaj9_8relay_hs6engine5testss_17test_action_types
FNDA:1,_RNvNtNtCsbWHN4NNBaj9_8relay_hs6engine5testss_18test_multiple_apps
FNDA:1,_RNvNtNtCsbWHN4NNBaj9_8relay_hs6engine5testss_24test_alert_count_bounded
FNDA:1,_RNvNtNtCsbWHN4NNBaj9_8relay_hs6engine5testss_25test_disabled_app_ignored
FNDA:1,_RNvNtNtCsbWHN4NNBaj9_8relay_hs6engine5testss_30test_counter_reset_on_activity
FNDA:1,_RNvNtNtCsbWHN4NNBaj9_8relay_hs6engine5testss_34test_counter_incrementing_no_alert
FNDA:1,_RNvNtNtCsbWHN4NNBaj9_8relay_hs6engine5testss_37test_stalled_app_alert_after_max_miss
FNDA:0,_RNvMs0_NtCsbWHN4NNBaj9_8relay_hs6engineNtB5_11HealthTable9app_count
FNDA:0,_RNvMs1_NtCsbWHN4NNBaj9_8relay_hs6engineNtB5_16EkfHealthMonitor10rtl_active
FNDA:0,_RNvMs1_NtCsbWHN4NNBaj9_8relay_hs6engineNtB5_16EkfHealthMonitor11step_window
FNDA:0,_RNvMs1_NtCsbWHN4NNBaj9_8relay_hs6engineNtB5_16EkfHealthMonitor3new
FNDA:0,_RNvMs1_NtCsbWHN4NNBaj9_8relay_hs6engineNtB5_16EkfHealthMonitor7observe
FNF:20
FNH:19
DA:42,10
DA:43,10
DA:44,10
DA:45,10
DA:46,10
DA:47,10
DA:48,10
DA:49,10
DA:50,10
DA:51,10
DA:52,10
DA:56,16
DA:57,16
DA:58,16
DA:62,10
DA:63,10
DA:64,10
DA:65,10
DA:66,10
DA:67,10
DA:69,75
DA:70,75
DA:71,74
DA:72,74
DA:73,74
DA:74,74
DA:75,74
DA:76,74
DA:77,74
DA:78,74
DA:79,74
DA:80,74
DA:81,74
DA:82,74
DA:83,75
DA:85,3
DA:86,3
DA:87,3
DA:88,6
DA:89,3
DA:90,3
DA:91,3
DA:92,3
DA:93,3
DA:95,3
DA:97,0
DA:99,16
DA:100,16
DA:101,16
DA:102,16
DA:103,16
DA:105,16
DA:106,16
DA:107,41
DA:108,26
DA:109,25
DA:110,25
DA:112,25
DA:113,25
DA:115,22
DA:116,22
DA:117,22
DA:118,16
DA:119,16
DA:120,16
DA:121,16
DA:122,16
DA:123,16
DA:124,16
DA:125,16
DA:126,16
DA:127,3
DA:128,3
DA:129,3
DA:130,3
DA:131,3
DA:132,0
DA:134,25
DA:137,16
DA:138,16
DA:161,5
DA:162,5
DA:163,5
DA:164,5
DA:165,5
DA:166,5
DA:167,5
DA:168,5
DA:170,31155
DA:171,31155
DA:172,31155
DA:174,0
DA:176,31155
DA:177,31155
DA:178,31155
DA:179,31155
DA:181,48000
DA:182,48000
DA:183,16845
DA:184,31155
DA:185,31155
DA:186,31155
DA:187,31155
DA:188,31155
DA:189,3
DA:190,3
DA:191,31152
DA:192,31152
DA:193,48000
DA:195,3
DA:196,3
DA:197,3
DA:205,1
DA:206,1
DA:207,1
DA:208,1
DA:209,1
DA:212,1
DA:213,1
DA:214,1
DA:215,1
DA:216,1
DA:217,1
DA:218,1
DA:219,1
DA:220,1
DA:221,1
DA:224,1
DA:225,1
DA:226,1
DA:228,1
DA:229,1
DA:230,1
DA:231,1
DA:232,1
DA:233,1
DA:234,1
DA:235,1
DA:236,1
DA:237,1
DA:240,1
DA:241,1
DA:242,1
DA:247,1
DA:252,1
DA:253,1
DA:256,1
DA:257,1
DA:258,1
DA:259,1
DA:261,1
DA:262,1
DA:263,1
DA:266,1
DA:267,1
DA:268,1
DA:270,1
DA:271,1
DA:273,1
DA:274,1
DA:276,1
DA:277,1
DA:278,1
DA:279,1
DA:280,1
DA:281,1
DA:282,1
DA:285,1
DA:286,1
DA:287,1
DA:288,1
DA:289,1
DA:290,1
DA:291,1
DA:292,1
DA:293,1
DA:294,1
DA:295,1
DA:296,1
DA:297,1
DA:300,1
DA:301,1
DA:302,32
DA:303,32
DA:305,1
DA:306,1
DA:309,1
DA:310,1
DA:311,32
DA:312,32
DA:313,32
DA:314,1
DA:315,1
DA:316,1
BRF:0
BRH:0
LF:194
LH:191
end_of_record
SF:/Users/r/git/pulseengine/relay/crates/relay-lc-diff/src/lib.rs
FN:99,_RNCNCNvNtCs5FKVsFEThsS_13relay_lc_diff5testss_18single_eval_agreess_00B7_
FN:7,_RNvCs5FKVsFEThsS_13relay_lc_diff17reference_compare
FN:31,_RNvCs5FKVsFEThsS_13relay_lc_diff18reference_evaluate
FN:61,_RNvNtCs5FKVsFEThsS_13relay_lc_diff5tests10op_from_u8
FNDA:1400,_RNCNCNvNtCs5FKVsFEThsS_13relay_lc_diff5testss_18single_eval_agreess_00B7_
FNDA:4052,_RNvCs5FKVsFEThsS_13relay_lc_diff17reference_compare
FNDA:2652,_RNvCs5FKVsFEThsS_13relay_lc_diff18reference_evaluate
FNDA:1656,_RNvNtCs5FKVsFEThsS_13relay_lc_diff5tests10op_from_u8
FNF:4
FNH:4
DA:7,4052
DA:8,4052
DA:9,253
DA:10,2672
DA:11,297
DA:12,269
DA:13,283
DA:14,278
DA:16,4052
DA:31,2652
DA:32,2652
DA:33,2652
DA:34,2652
DA:35,2652
DA:36,2652
DA:37,2652
DA:38,3796
DA:39,3796
DA:40,0
DA:41,3796
DA:42,3796
DA:43,3796
DA:44,1897
DA:45,1897
DA:46,1139
DA:47,1139
DA:48,1899
DA:49,1899
DA:50,1899
DA:52,2652
DA:53,2652
DA:61,1656
DA:62,1656
DA:63,253
DA:64,276
DA:65,297
DA:66,269
DA:67,283
DA:68,278
DA:70,1656
DA:99,1400
DA:100,1400
DA:101,1400
DA:104,1400
BRF:0
BRH:0
LF:44
LH:43
end_of_record
SF:/Users/r/git/pulseengine/relay/crates/relay-lc/plain/src/engine.rs
FN:25,_RNvMNtCsbqTUlbDHIxr_8relay_lc6engineNtB2_10Watchpoint5empty
FN:32,_RNvMs0_NtCsbqTUlbDHIxr_8relay_lc6engineNtB5_15WatchpointTable14add_watchpoint
FN:30,_RNvMs0_NtCsbqTUlbDHIxr_8relay_lc6engineNtB5_15WatchpointTable3new
FN:39,_RNvMs0_NtCsbqTUlbDHIxr_8relay_lc6engineNtB5_15WatchpointTable5count
FN:41,_RNvMs0_NtCsbqTUlbDHIxr_8relay_lc6engineNtB5_15WatchpointTable8evaluate
FN:126,_RNvMs1_NtCsbqTUlbDHIxr_8relay_lc6engineNtB5_8Geofence16violation_active
FN:88,_RNvMs1_NtCsbqTUlbDHIxr_8relay_lc6engineNtB5_8Geofence3new
FN:109,_RNvMs1_NtCsbqTUlbDHIxr_8relay_lc6engineNtB5_8Geofence5check
FN:26,_RNvMs_NtCsbqTUlbDHIxr_8relay_lc6engineNtB4_9Violation5empty
FN:32,_RNvMs0_NtCs7QTVktCNxZf_8relay_lc6engineNtB5_15WatchpointTable14add_watchpoint
FN:30,_RNvMs0_NtCs7QTVktCNxZf_8relay_lc6engineNtB5_15WatchpointTable3new
FN:39,_RNvMs0_NtCs7QTVktCNxZf_8relay_lc6engineNtB5_15WatchpointTable5count
FN:41,_RNvMs0_NtCs7QTVktCNxZf_8relay_lc6engineNtB5_15WatchpointTable8evaluate
FN:126,_RNvMs1_NtCs7QTVktCNxZf_8relay_lc6engineNtB5_8Geofence16violation_active
FN:88,_RNvMs1_NtCs7QTVktCNxZf_8relay_lc6engineNtB5_8Geofence3new
FN:109,_RNvMs1_NtCs7QTVktCNxZf_8relay_lc6engineNtB5_8Geofence5check
FN:26,_RNvMs_NtCs7QTVktCNxZf_8relay_lc6engineNtB4_9Violation5empty
FN:148,_RNvNtNtCs7QTVktCNxZf_8relay_lc6engine5tests5fence
FN:135,_RNvNtNtCs7QTVktCNxZf_8relay_lc6engine5testss_10test_empty
FN:142,_RNvNtNtCs7QTVktCNxZf_8relay_lc6engine5testss_12test_bounded
FN:140,_RNvNtNtCs7QTVktCNxZf_8relay_lc6engine5testss_13test_disabled
FN:137,_RNvNtNtCs7QTVktCNxZf_8relay_lc6engine5testss_16test_persistence
FN:136,_RNvNtNtCs7QTVktCNxZf_8relay_lc6engine5testss_17test_gt_violation
FN:139,_RNvNtNtCs7QTVktCNxZf_8relay_lc6engine5testss_18test_sensor_filter
FN:138,_RNvNtNtCs7QTVktCNxZf_8relay_lc6engine5testss_22test_persistence_reset
FN:172,_RNvNtNtCs7QTVktCNxZf_8relay_lc6engine5testss_24geofence_outside_d_trips
FN:166,_RNvNtNtCs7QTVktCNxZf_8relay_lc6engine5testss_24geofence_outside_e_trips
FN:178,_RNvNtNtCs7QTVktCNxZf_8relay_lc6engine5testss_27geofence_boundary_inclusive
FN:152,_RNvNtNtCs7QTVktCNxZf_8relay_lc6engine5testss_29geofence_inside_does_not_trip
FN:158,_RNvNtNtCs7QTVktCNxZf_8relay_lc6engine5testss_29geofence_outside_n_trips_once
FN:141,_RNvNtNtCs7QTVktCNxZf_8relay_lc6engine5testss_8test_ops
FN:25,_RNvMNtCs7QTVktCNxZf_8relay_lc6engineNtB2_10Watchpoint5empty
FNDA:0,_RNvMNtCsbqTUlbDHIxr_8relay_lc6engineNtB2_10Watchpoint5empty
FNDA:1656,_RNvMs0_NtCsbqTUlbDHIxr_8relay_lc6engineNtB5_15WatchpointTable14add_watchpoint
FNDA:512,_RNvMs0_NtCsbqTUlbDHIxr_8relay_lc6engineNtB5_15WatchpointTable3new
FNDA:0,_RNvMs0_NtCsbqTUlbDHIxr_8relay_lc6engineNtB5_15WatchpointTable5count
FNDA:2652,_RNvMs0_NtCsbqTUlbDHIxr_8relay_lc6engineNtB5_15WatchpointTable8evaluate
FNDA:1,_RNvMs1_NtCsbqTUlbDHIxr_8relay_lc6engineNtB5_8Geofence16violation_active
FNDA:5,_RNvMs1_NtCsbqTUlbDHIxr_8relay_lc6engineNtB5_8Geofence3new
FNDA:17010,_RNvMs1_NtCsbqTUlbDHIxr_8relay_lc6engineNtB5_8Geofence5check
FNDA:2652,_RNvMs_NtCsbqTUlbDHIxr_8relay_lc6engineNtB4_9Violation5empty
FNDA:3009,_RNvMs0_NtCs7QTVktCNxZf_8relay_lc6engineNtB5_15WatchpointTable14add_watchpoint
FNDA:775,_RNvMs0_NtCs7QTVktCNxZf_8relay_lc6engineNtB5_15WatchpointTable3new
FNDA:256,_RNvMs0_NtCs7QTVktCNxZf_8relay_lc6engineNtB5_15WatchpointTable5count
FNDA:1936,_RNvMs0_NtCs7QTVktCNxZf_8relay_lc6engineNtB5_15WatchpointTable8evaluate
FNDA:4,_RNvMs1_NtCs7QTVktCNxZf_8relay_lc6engineNtB5_8Geofence16violation_active
FNDA:5,_RNvMs1_NtCs7QTVktCNxZf_8relay_lc6engineNtB5_8Geofence3new
FNDA:8,_RNvMs1_NtCs7QTVktCNxZf_8relay_lc6engineNtB5_8Geofence5check
FNDA:1936,_RNvMs_NtCs7QTVktCNxZf_8relay_lc6engineNtB4_9Violation5empty
FNDA:5,_RNvNtNtCs7QTVktCNxZf_8relay_lc6engine5tests5fence
FNDA:1,_RNvNtNtCs7QTVktCNxZf_8relay_lc6engine5testss_10test_empty
FNDA:1,_RNvNtNtCs7QTVktCNxZf_8relay_lc6engine5testss_12test_bounded
FNDA:1,_RNvNtNtCs7QTVktCNxZf_8relay_lc6engine5testss_13test_disabled
FNDA:1,_RNvNtNtCs7QTVktCNxZf_8relay_lc6engine5testss_16test_persistence
FNDA:1,_RNvNtNtCs7QTVktCNxZf_8relay_lc6engine5testss_17test_gt_violation
FNDA:1,_RNvNtNtCs7QTVktCNxZf_8relay_lc6engine5testss_18test_sensor_filter
FNDA:1,_RNvNtNtCs7QTVktCNxZf_8relay_lc6engine5testss_22test_persistence_reset
FNDA:1,_RNvNtNtCs7QTVktCNxZf_8relay_lc6engine5testss_24geofence_outside_d_trips
FNDA:1,_RNvNtNtCs7QTVktCNxZf_8relay_lc6engine5testss_24geofence_outside_e_trips
FNDA:1,_RNvNtNtCs7QTVktCNxZf_8relay_lc6engine5testss_27geofence_boundary_inclusive
FNDA:1,_RNvNtNtCs7QTVktCNxZf_8relay_lc6engine5testss_29geofence_inside_does_not_trip
FNDA:1,_RNvNtNtCs7QTVktCNxZf_8relay_lc6engine5testss_29geofence_outside_n_trips_once
FNDA:1,_RNvNtNtCs7QTVktCNxZf_8relay_lc6engine5testss_8test_ops
FNDA:0,_RNvMNtCs7QTVktCNxZf_8relay_lc6engineNtB2_10Watchpoint5empty
FNF:23
FNH:22
DA:25,0
DA:26,4588
DA:30,1287
DA:32,4665
DA:33,4665
DA:34,4665
DA:35,4665
DA:36,4665
DA:37,4665
DA:39,256
DA:41,4588
DA:42,4588
DA:43,4588
DA:44,4588
DA:45,12544
DA:46,7957
DA:47,7956
DA:48,7956
DA:49,7956
DA:51,5263
DA:52,5263
DA:53,5263
DA:54,5263
DA:55,1431
DA:56,1431
DA:57,1431
DA:58,3832
DA:59,2693
DA:60,7956
DA:62,4588
DA:63,4588
DA:88,10
DA:89,10
DA:90,10
DA:91,10
DA:92,10
DA:93,10
DA:94,10
DA:95,10
DA:96,10
DA:97,10
DA:98,10
DA:99,10
DA:100,10
DA:101,10
DA:102,10
DA:103,10
DA:104,10
DA:105,10
DA:109,17018
DA:110,17018
DA:111,10470
DA:112,6548
DA:113,6548
DA:114,6548
DA:115,6546
DA:116,6545
DA:117,6543
DA:118,6543
DA:119,6548
DA:120,6
DA:121,6
DA:122,6542
DA:123,6542
DA:124,17018
DA:126,5
DA:127,5
DA:128,5
DA:135,1
DA:136,1
DA:137,1
DA:138,1
DA:139,1
DA:140,1
DA:141,1
DA:142,42
DA:148,5
DA:149,5
DA:150,5
DA:152,1
DA:153,1
DA:154,1
DA:155,1
DA:156,1
DA:158,1
DA:159,1
DA:160,1
DA:161,1
DA:162,1
DA:163,1
DA:164,1
DA:166,1
DA:167,1
DA:168,1
DA:169,1
DA:170,1
DA:172,1
DA:173,1
DA:174,1
DA:175,1
DA:176,1
DA:178,1
DA:180,1
DA:181,1
DA:182,1
DA:183,1
BRF:0
BRH:0
LF:106
LH:105
end_of_record
SF:/Users/r/git/pulseengine/relay/crates/relay-mavlink/plain/src/command_long.rs
FN:99,_RNvMNtCsiHXARXI8P9O_13relay_mavlink12command_longNtB2_11CommandLong14decode_payload
FN:82,_RNvMNtCsiHXARXI8P9O_13relay_mavlink12command_longNtB2_11CommandLong14encode_payload
FN:70,_RNvMNtCsiHXARXI8P9O_13relay_mavlink12command_longNtB2_11CommandLong3rtl
FN:99,_RNvMNtCshhoeujZw2xm_13relay_mavlink12command_longNtB2_11CommandLong14decode_payload
FN:82,_RNvMNtCshhoeujZw2xm_13relay_mavlink12command_longNtB2_11CommandLong14encode_payload
FN:70,_RNvMNtCshhoeujZw2xm_13relay_mavlink12command_longNtB2_11CommandLong3rtl
FN:123,_RNvNtNtCshhoeujZw2xm_13relay_mavlink12command_long5testss_12msg_id_is_76
FN:143,_RNvNtNtCshhoeujZw2xm_13relay_mavlink12command_long5testss_14round_trip_rtl
FN:125,_RNvNtNtCshhoeujZw2xm_13relay_mavlink12command_long5testss_16crc_extra_is_152
FN:124,_RNvNtNtCshhoeujZw2xm_13relay_mavlink12command_long5testss_20payload_length_is_33
FN:129,_RNvNtNtCshhoeujZw2xm_13relay_mavlink12command_long5testss_20rtl_command_id_is_20
FN:151,_RNvNtNtCshhoeujZw2xm_13relay_mavlink12command_long5testss_22round_trip_with_params
FN:174,_RNvNtNtCshhoeujZw2xm_13relay_mavlink12command_long5testss_24field_offsets_match_spec
FN:169,_RNvNtNtCshhoeujZw2xm_13relay_mavlink12command_long5testss_27decode_rejects_long_payload
FN:132,_RNvNtNtCshhoeujZw2xm_13relay_mavlink12command_long5testss_27rtl_builder_has_zero_params
FN:164,_RNvNtNtCshhoeujZw2xm_13relay_mavlink12command_long5testss_28decode_rejects_short_payload
FNDA:0,_RNvMNtCsiHXARXI8P9O_13relay_mavlink12command_longNtB2_11CommandLong14decode_payload
FNDA:2,_RNvMNtCsiHXARXI8P9O_13relay_mavlink12command_longNtB2_11CommandLong14encode_payload
FNDA:2,_RNvMNtCsiHXARXI8P9O_13relay_mavlink12command_longNtB2_11CommandLong3rtl
FNDA:260,_RNvMNtCshhoeujZw2xm_13relay_mavlink12command_longNtB2_11CommandLong14decode_payload
FNDA:259,_RNvMNtCshhoeujZw2xm_13relay_mavlink12command_longNtB2_11CommandLong14encode_payload
FNDA:2,_RNvMNtCshhoeujZw2xm_13relay_mavlink12command_longNtB2_11CommandLong3rtl
FNDA:1,_RNvNtNtCshhoeujZw2xm_13relay_mavlink12command_long5testss_12msg_id_is_76
FNDA:1,_RNvNtNtCshhoeujZw2xm_13relay_mavlink12command_long5testss_14round_trip_rtl
FNDA:1,_RNvNtNtCshhoeujZw2xm_13relay_mavlink12command_long5testss_16crc_extra_is_152
FNDA:1,_RNvNtNtCshhoeujZw2xm_13relay_mavlink12command_long5testss_20payload_length_is_33
FNDA:1,_RNvNtNtCshhoeujZw2xm_13relay_mavlink12command_long5testss_20rtl_command_id_is_20
FNDA:1,_RNvNtNtCshhoeujZw2xm_13relay_mavlink12command_long5testss_22round_trip_with_params
FNDA:1,_RNvNtNtCshhoeujZw2xm_13relay_mavlink12command_long5testss_24field_offsets_match_spec
FNDA:1,_RNvNtNtCshhoeujZw2xm_13relay_mavlink12command_long5testss_27decode_rejects_long_payload
FNDA:1,_RNvNtNtCshhoeujZw2xm_13relay_mavlink12command_long5testss_27rtl_builder_has_zero_params
FNDA:1,_RNvNtNtCshhoeujZw2xm_13relay_mavlink12command_long5testss_28decode_rejects_short_payload
FNF:13
FNH:13
DA:70,4
DA:71,4
DA:72,4
DA:73,4
DA:74,4
DA:75,4
DA:76,4
DA:77,4
DA:78,4
DA:79,4
DA:82,261
DA:83,261
DA:84,261
DA:85,261
DA:86,261
DA:87,261
DA:88,261
DA:89,261
DA:90,261
DA:91,261
DA:92,261
DA:93,261
DA:94,261
DA:95,261
DA:96,261
DA:99,260
DA:100,260
DA:101,2
DA:102,258
DA:103,258
DA:104,258
DA:105,258
DA:106,258
DA:107,258
DA:108,258
DA:109,258
DA:110,258
DA:111,258
DA:112,258
DA:113,258
DA:114,258
DA:115,258
DA:116,260
DA:123,1
DA:124,1
DA:125,1
DA:127,1
DA:128,1
DA:129,1
DA:132,1
DA:133,1
DA:134,1
DA:135,1
DA:136,1
DA:137,1
DA:138,1
DA:139,1
DA:140,1
DA:143,1
DA:144,1
DA:145,1
DA:146,1
DA:147,1
DA:148,1
DA:151,1
DA:152,1
DA:153,1
DA:154,1
DA:155,1
DA:156,1
DA:157,1
DA:158,1
DA:159,1
DA:160,1
DA:161,1
DA:164,1
DA:165,1
DA:166,1
DA:169,1
DA:170,1
DA:171,1
DA:174,1
DA:176,1
DA:177,1
DA:178,1
DA:179,1
DA:180,1
DA:181,1
DA:182,1
DA:183,1
DA:184,1
DA:185,1
DA:186,1
DA:187,1
DA:188,1
DA:189,1
BRF:0
BRH:0
LF:96
LH:96
end_of_record
SF:/Users/r/git/pulseengine/relay/crates/relay-mavlink/plain/src/crc.rs
FN:32,_RNvMNtCsiHXARXI8P9O_13relay_mavlink3crcNtB2_8Crc16X2510accumulate
FN:43,_RNvMNtCsiHXARXI8P9O_13relay_mavlink3crcNtB2_8Crc16X2516accumulate_slice
FN:27,_RNvMNtCsiHXARXI8P9O_13relay_mavlink3crcNtB2_8Crc16X253new
FN:51,_RNvMNtCsiHXARXI8P9O_13relay_mavlink3crcNtB2_8Crc16X255value
FN:57,_RNvXs_NtCsiHXARXI8P9O_13relay_mavlink3crcNtB4_8Crc16X25NtNtCsl8K0bEFm1U0_4core7default7Default7default
FN:32,_RNvMNtCshhoeujZw2xm_13relay_mavlink3crcNtB2_8Crc16X2510accumulate
FN:43,_RNvMNtCshhoeujZw2xm_13relay_mavlink3crcNtB2_8Crc16X2516accumulate_slice
FN:27,_RNvMNtCshhoeujZw2xm_13relay_mavlink3crcNtB2_8Crc16X253new
FN:51,_RNvMNtCshhoeujZw2xm_13relay_mavlink3crcNtB2_8Crc16X255value
FN:116,_RNvNtNtCshhoeujZw2xm_13relay_mavlink3crc5testss_13order_matters
FN:91,_RNvNtNtCshhoeujZw2xm_13relay_mavlink3crc5testss_16single_byte_zero
FN:85,_RNvNtNtCshhoeujZw2xm_13relay_mavlink3crc5testss_22empty_input_keeps_seed
FN:104,_RNvNtNtCshhoeujZw2xm_13relay_mavlink3crc5testss_34accumulate_slice_equals_individual
FN:78,_RNvNtNtCshhoeujZw2xm_13relay_mavlink3crc5testss_34mavlink_reference_vector_123456789
FN:57,_RNvXs_NtCshhoeujZw2xm_13relay_mavlink3crcNtB4_8Crc16X25NtNtCsl8K0bEFm1U0_4core7default7Default7default
FNDA:865,_RNvMNtCsiHXARXI8P9O_13relay_mavlink3crcNtB2_8Crc16X2510accumulate
FNDA:26,_RNvMNtCsiHXARXI8P9O_13relay_mavlink3crcNtB2_8Crc16X2516accumulate_slice
FNDA:26,_RNvMNtCsiHXARXI8P9O_13relay_mavlink3crcNtB2_8Crc16X253new
FNDA:26,_RNvMNtCsiHXARXI8P9O_13relay_mavlink3crcNtB2_8Crc16X255value
FNDA:0,_RNvXs_NtCsiHXARXI8P9O_13relay_mavlink3crcNtB4_8Crc16X25NtNtCsl8K0bEFm1U0_4core7default7Default7default
FNDA:10072,_RNvMNtCshhoeujZw2xm_13relay_mavlink3crcNtB2_8Crc16X2510accumulate
FNDA:527,_RNvMNtCshhoeujZw2xm_13relay_mavlink3crcNtB2_8Crc16X2516accumulate_slice
FNDA:530,_RNvMNtCshhoeujZw2xm_13relay_mavlink3crcNtB2_8Crc16X253new
FNDA:530,_RNvMNtCshhoeujZw2xm_13relay_mavlink3crcNtB2_8Crc16X255value
FNDA:1,_RNvNtNtCshhoeujZw2xm_13relay_mavlink3crc5testss_13order_matters
FNDA:1,_RNvNtNtCshhoeujZw2xm_13relay_mavlink3crc5testss_16single_byte_zero
FNDA:1,_RNvNtNtCshhoeujZw2xm_13relay_mavlink3crc5testss_22empty_input_keeps_seed
FNDA:1,_RNvNtNtCshhoeujZw2xm_13relay_mavlink3crc5testss_34accumulate_slice_equals_individual
FNDA:1,_RNvNtNtCshhoeujZw2xm_13relay_mavlink3crc5testss_34mavlink_reference_vector_123456789
FNDA:0,_RNvXs_NtCshhoeujZw2xm_13relay_mavlink3crcNtB4_8Crc16X25NtNtCsl8K0bEFm1U0_4core7default7Default7default
FNF:10
FNH:9
DA:27,556
DA:28,556
DA:29,556
DA:32,10937
DA:34,10937
DA:35,10937
DA:36,10937
DA:37,10937
DA:38,10937
DA:39,10937
DA:40,10937
DA:43,553
DA:44,10382
DA:45,10382
DA:46,10382
DA:47,553
DA:51,556
DA:52,556
DA:53,556
DA:57,0
DA:58,0
DA:59,0
DA:78,1
DA:79,1
DA:80,1
DA:81,1
DA:82,1
DA:85,1
DA:86,1
DA:87,1
DA:88,1
DA:91,1
DA:92,1
DA:93,1
DA:100,1
DA:101,1
DA:104,1
DA:105,1
DA:106,1
DA:107,5
DA:108,5
DA:109,5
DA:110,1
DA:111,1
DA:112,1
DA:113,1
DA:116,1
DA:117,1
DA:118,1
DA:119,1
DA:120,1
DA:121,1
DA:122,1
BRF:0
BRH:0
LF:53
LH:50
end_of_record
SF:/Users/r/git/pulseengine/relay/crates/relay-mavlink/plain/src/frame.rs
FN:78,_RNvMNtCsiHXARXI8P9O_13relay_mavlink5frameNtB2_11FrameHeader11wire_length
FN:140,_RNvNtCsiHXARXI8P9O_13relay_mavlink5frame11parse_frame
FN:90,_RNvNtCsiHXARXI8P9O_13relay_mavlink5frame12encode_frame
FN:184,_RNvNtCsiHXARXI8P9O_13relay_mavlink5frame15peek_message_id
FN:200,_RNvNtNtCshhoeujZw2xm_13relay_mavlink5frame5tests21build_heartbeat_frame
FN:285,_RNvNtNtCshhoeujZw2xm_13relay_mavlink5frame5testss_15rejects_bad_crc
FN:261,_RNvNtNtCshhoeujZw2xm_13relay_mavlink5frame5testss_16rejects_v1_magic
FN:351,_RNvNtNtCshhoeujZw2xm_13relay_mavlink5frame5testss_21peek_rejects_v1_magic
FN:296,_RNvNtNtCshhoeujZw2xm_13relay_mavlink5frame5testss_23rejects_wrong_crc_extra
FN:269,_RNvNtNtCshhoeujZw2xm_13relay_mavlink5frame5testss_24rejects_truncated_header
FN:276,_RNvNtNtCshhoeujZw2xm_13relay_mavlink5frame5testss_25rejects_truncated_payload
FN:220,_RNvNtNtCshhoeujZw2xm_13relay_mavlink5frame5testss_26frame_starts_with_magic_v2
FN:305,_RNvNtNtCshhoeujZw2xm_13relay_mavlink5frame5testss_31encode_rejects_too_small_output
FN:343,_RNvNtNtCshhoeujZw2xm_13relay_mavlink5frame5testss_31peek_message_id_finds_heartbeat
FN:227,_RNvNtNtCshhoeujZw2xm_13relay_mavlink5frame5testss_33frame_payload_length_byte_matches
FN:244,_RNvNtNtCshhoeujZw2xm_13relay_mavlink5frame5testss_34round_trip_heartbeat_through_frame
FN:324,_RNvNtNtCshhoeujZw2xm_13relay_mavlink5frame5testss_38encode_rejects_payload_length_mismatch
FN:234,_RNvNtNtCshhoeujZw2xm_13relay_mavlink5frame5testss_38frame_msg_id_three_bytes_little_endian
FN:78,_RNvMNtCshhoeujZw2xm_13relay_mavlink5frameNtB2_11FrameHeader11wire_length
FN:140,_RNvNtCshhoeujZw2xm_13relay_mavlink5frame11parse_frame
FN:90,_RNvNtCshhoeujZw2xm_13relay_mavlink5frame12encode_frame
FN:184,_RNvNtCshhoeujZw2xm_13relay_mavlink5frame15peek_message_id
FNDA:0,_RNvMNtCsiHXARXI8P9O_13relay_mavlink5frameNtB2_11FrameHeader11wire_length
FNDA:10,_RNvNtCsiHXARXI8P9O_13relay_mavlink5frame11parse_frame
FNDA:16,_RNvNtCsiHXARXI8P9O_13relay_mavlink5frame12encode_frame
FNDA:12,_RNvNtCsiHXARXI8P9O_13relay_mavlink5frame15peek_message_id
FNDA:7,_RNvNtNtCshhoeujZw2xm_13relay_mavlink5frame5tests21build_heartbeat_frame
FNDA:1,_RNvNtNtCshhoeujZw2xm_13relay_mavlink5frame5testss_15rejects_bad_crc
FNDA:1,_RNvNtNtCshhoeujZw2xm_13relay_mavlink5frame5testss_16rejects_v1_magic
FNDA:1,_RNvNtNtCshhoeujZw2xm_13relay_mavlink5frame5testss_21peek_rejects_v1_magic
FNDA:1,_RNvNtNtCshhoeujZw2xm_13relay_mavlink5frame5testss_23rejects_wrong_crc_extra
FNDA:1,_RNvNtNtCshhoeujZw2xm_13relay_mavlink5frame5testss_24rejects_truncated_header
FNDA:1,_RNvNtNtCshhoeujZw2xm_13relay_mavlink5frame5testss_25rejects_truncated_payload
FNDA:1,_RNvNtNtCshhoeujZw2xm_13relay_mavlink5frame5testss_26frame_starts_with_magic_v2
FNDA:1,_RNvNtNtCshhoeujZw2xm_13relay_mavlink5frame5testss_31encode_rejects_too_small_output
FNDA:1,_RNvNtNtCshhoeujZw2xm_13relay_mavlink5frame5testss_31peek_message_id_finds_heartbeat
FNDA:1,_RNvNtNtCshhoeujZw2xm_13relay_mavlink5frame5testss_33frame_payload_length_byte_matches
FNDA:1,_RNvNtNtCshhoeujZw2xm_13relay_mavlink5frame5testss_34round_trip_heartbeat_through_frame
FNDA:1,_RNvNtNtCshhoeujZw2xm_13relay_mavlink5frame5testss_38encode_rejects_payload_length_mismatch
FNDA:1,_RNvNtNtCshhoeujZw2xm_13relay_mavlink5frame5testss_38frame_msg_id_three_bytes_little_endian
FNDA:0,_RNvMNtCshhoeujZw2xm_13relay_mavlink5frameNtB2_11FrameHeader11wire_length
FNDA:518,_RNvNtCshhoeujZw2xm_13relay_mavlink5frame11parse_frame
FNDA:265,_RNvNtCshhoeujZw2xm_13relay_mavlink5frame12encode_frame
FNDA:258,_RNvNtCshhoeujZw2xm_13relay_mavlink5frame15peek_message_id
FNF:18
FNH:17
DA:78,0
DA:79,0
[...]
DA:163,1
DA:164,1
DA:165,1
DA:166,1
DA:167,1
DA:168,1
DA:169,1
DA:172,1
DA:173,1
DA:174,1
DA:175,1
DA:176,1
DA:177,1
DA:178,1
DA:179,1
DA:180,1
DA:181,1
DA:182,1
DA:183,1
DA:184,1
DA:187,1
DA:188,1
DA:189,12
DA:190,12
DA:191,12
DA:192,12
DA:193,12
DA:194,12
DA:195,12
DA:196,12
DA:197,12
DA:198,12
DA:199,1
DA:200,1
DA:201,1
DA:204,1
DA:205,1
DA:206,1
DA:207,256
DA:209,1
DA:210,1
DA:213,1
DA:214,1
DA:215,1
DA:216,1
DA:217,1
DA:218,1
DA:219,1
DA:220,1
DA:221,1
DA:222,1
DA:223,1
DA:224,1
DA:225,1
DA:226,1
DA:227,1
DA:228,1
DA:229,1
DA:230,1
DA:231,1
DA:232,1
DA:233,1
DA:234,1
DA:235,1
DA:236,1
DA:237,1
DA:238,1
DA:239,1
DA:240,1
DA:241,1
DA:242,1
DA:243,1
DA:244,1
DA:245,1
DA:246,1
DA:247,1
DA:248,1
BRF:0
BRH:0
LF:176
LH:173
end_of_record
SF:/Users/r/git/pulseengine/relay/crates/relay-sch/plain/src/engine.rs
FN:35,_RNvMNtCspxDMvujvY0_9relay_sch6engineNtB2_12ScheduleSlot5empty
FN:58,_RNvMs0_NtCspxDMvujvY0_9relay_sch6engineNtB5_13ScheduleTable11set_enabled
FN:66,_RNvMs0_NtCspxDMvujvY0_9relay_sch6engineNtB5_13ScheduleTable12process_tick
FN:47,_RNvMs0_NtCspxDMvujvY0_9relay_sch6engineNtB5_13ScheduleTable3new
FN:51,_RNvMs0_NtCspxDMvujvY0_9relay_sch6engineNtB5_13ScheduleTable8add_slot
FN:41,_RNvMs_NtCspxDMvujvY0_9relay_sch6engineNtB4_15ScheduledAction5empty
FN:64,_RNvMs0_NtCspxDMvujvY0_9relay_sch6engineNtB5_13ScheduleTable10slot_count
FN:92,_RNvNtNtCspxDMvujvY0_9relay_sch6engine5testss_10test_empty
FN:95,_RNvNtNtCspxDMvujvY0_9relay_sch6engine5testss_10test_major
FN:93,_RNvNtNtCspxDMvujvY0_9relay_sch6engine5testss_10test_match
FN:98,_RNvNtNtCspxDMvujvY0_9relay_sch6engine5testss_11test_enable
FN:96,_RNvNtNtCspxDMvujvY0_9relay_sch6engine5testss_12test_bounded
FN:94,_RNvNtNtCspxDMvujvY0_9relay_sch6engine5testss_13test_disabled
FN:97,_RNvNtNtCspxDMvujvY0_9relay_sch6engine5testss_9test_full
FNDA:1032,_RNvMNtCspxDMvujvY0_9relay_sch6engineNtB2_12ScheduleSlot5empty
FNDA:2,_RNvMs0_NtCspxDMvujvY0_9relay_sch6engineNtB5_13ScheduleTable11set_enabled
FNDA:777,_RNvMs0_NtCspxDMvujvY0_9relay_sch6engineNtB5_13ScheduleTable12process_tick
FNDA:775,_RNvMs0_NtCspxDMvujvY0_9relay_sch6engineNtB5_13ScheduleTable3new
FNDA:4436,_RNvMs0_NtCspxDMvujvY0_9relay_sch6engineNtB5_13ScheduleTable8add_slot
FNDA:777,_RNvMs_NtCspxDMvujvY0_9relay_sch6engineNtB4_15ScheduledAction5empty
FNDA:0,_RNvMs0_NtCspxDMvujvY0_9relay_sch6engineNtB5_13ScheduleTable10slot_count
FNDA:1,_RNvNtNtCspxDMvujvY0_9relay_sch6engine5testss_10test_empty
FNDA:1,_RNvNtNtCspxDMvujvY0_9relay_sch6engine5testss_10test_major
FNDA:1,_RNvNtNtCspxDMvujvY0_9relay_sch6engine5testss_10test_match
FNDA:1,_RNvNtNtCspxDMvujvY0_9relay_sch6engine5testss_11test_enable
FNDA:1,_RNvNtNtCspxDMvujvY0_9relay_sch6engine5testss_12test_bounded
FNDA:1,_RNvNtNtCspxDMvujvY0_9relay_sch6engine5testss_13test_disabled
FNDA:1,_RNvNtNtCspxDMvujvY0_9relay_sch6engine5testss_9test_full
FNF:14
FNH:13
DA:35,1032
DA:36,1032
DA:37,1032
DA:41,777
DA:42,777
DA:43,777
DA:47,775
DA:48,775
DA:49,775
DA:51,4436
DA:52,4436
DA:53,4435
DA:54,4435
DA:55,4435
DA:56,4436
DA:58,2
DA:59,2
DA:60,1
DA:61,1
DA:62,2
DA:64,0
DA:66,777
DA:67,777
DA:68,777
DA:69,777
DA:70,4949
DA:71,4173
DA:72,4172
DA:73,4172
DA:74,3914
DA:75,3914
DA:76,3914
DA:77,314
DA:78,314
DA:79,314
DA:80,3600
DA:81,258
DA:82,4172
DA:84,777
DA:85,777
DA:92,1
DA:93,1
DA:94,1
DA:95,1
DA:96,26
DA:97,256
DA:98,1
BRF:0
BRH:0
LF:47
LH:46
end_of_record
SF:/Users/r/git/pulseengine/relay/crates/relay-tbl/plain/src/engine.rs
FN:33,_RNvMNtCsh34oWxANKrp_9relay_tbl6engineNtB2_10TableEntry5empty
FN:53,_RNvMs_NtCsh34oWxANKrp_9relay_tbl6engineNtB4_13TableRegistry10find_table
FN:128,_RNvMs_NtCsh34oWxANKrp_9relay_tbl6engineNtB4_13TableRegistry10get_active
FN:46,_RNvMs_NtCsh34oWxANKrp_9relay_tbl6engineNtB4_13TableRegistry3new
FN:78,_RNvMs_NtCsh34oWxANKrp_9relay_tbl6engineNtB4_13TableRegistry4load
FN:108,_RNvMs_NtCsh34oWxANKrp_9relay_tbl6engineNtB4_13TableRegistry8activate
FN:64,_RNvMs_NtCsh34oWxANKrp_9relay_tbl6engineNtB4_13TableRegistry8register
FN:186,_RNvNtNtCsh34oWxANKrp_9relay_tbl6engine5testss_14test_not_found
FN:193,_RNvNtNtCsh34oWxANKrp_9relay_tbl6engine5testss_18test_registry_full
FN:202,_RNvNtNtCsh34oWxANKrp_9relay_tbl6engine5testss_18test_size_mismatch
FN:149,_RNvNtNtCsh34oWxANKrp_9relay_tbl6engine5testss_19test_empty_registry
FN:156,_RNvNtNtCsh34oWxANKrp_9relay_tbl6engine5testss_21test_register_and_get
FN:167,_RNvNtNtCsh34oWxANKrp_9relay_tbl6engine5testss_22test_load_and_activate
FN:210,_RNvNtNtCsh34oWxANKrp_9relay_tbl6engine5testss_23test_double_buffer_swap
FN:179,_RNvNtNtCsh34oWxANKrp_9relay_tbl6engine5testss_32test_activate_without_load_fails
FNDA:45,_RNvMNtCsh34oWxANKrp_9relay_tbl6engineNtB2_10TableEntry5empty
FNDA:15,_RNvMs_NtCsh34oWxANKrp_9relay_tbl6engineNtB4_13TableRegistry10find_table
FNDA:5,_RNvMs_NtCsh34oWxANKrp_9relay_tbl6engineNtB4_13TableRegistry10get_active
FNDA:8,_RNvMs_NtCsh34oWxANKrp_9relay_tbl6engineNtB4_13TableRegistry3new
FNDA:5,_RNvMs_NtCsh34oWxANKrp_9relay_tbl6engineNtB4_13TableRegistry4load
FNDA:5,_RNvMs_NtCsh34oWxANKrp_9relay_tbl6engineNtB4_13TableRegistry8activate
FNDA:38,_RNvMs_NtCsh34oWxANKrp_9relay_tbl6engineNtB4_13TableRegistry8register
FNDA:1,_RNvNtNtCsh34oWxANKrp_9relay_tbl6engine5testss_14test_not_found
FNDA:1,_RNvNtNtCsh34oWxANKrp_9relay_tbl6engine5testss_18test_registry_full
FNDA:1,_RNvNtNtCsh34oWxANKrp_9relay_tbl6engine5testss_18test_size_mismatch
FNDA:1,_RNvNtNtCsh34oWxANKrp_9relay_tbl6engine5testss_19test_empty_registry
FNDA:1,_RNvNtNtCsh34oWxANKrp_9relay_tbl6engine5testss_21test_register_and_get
FNDA:1,_RNvNtNtCsh34oWxANKrp_9relay_tbl6engine5testss_22test_load_and_activate
FNDA:1,_RNvNtNtCsh34oWxANKrp_9relay_tbl6engine5testss_23test_double_buffer_swap
FNDA:1,_RNvNtNtCsh34oWxANKrp_9relay_tbl6engine5testss_32test_activate_without_load_fails
FNF:15
FNH:15
DA:33,45
DA:34,45
DA:35,45
DA:36,45
DA:37,45
DA:38,45
DA:39,45
DA:40,45
DA:41,45
DA:42,45
DA:46,8
DA:47,8
DA:48,8
DA:49,8
DA:50,8
DA:51,8
DA:53,15
DA:54,15
DA:55,15
DA:56,12
DA:57,12
DA:58,0
DA:59,0
DA:61,3
DA:62,15
DA:64,38
DA:65,38
DA:66,1
DA:67,37
DA:68,37
DA:69,37
DA:70,37
DA:71,37
DA:72,37
DA:73,37
DA:74,37
DA:75,37
DA:76,38
DA:78,5
DA:79,5
DA:80,5
DA:81,1
DA:82,4
DA:83,4
DA:84,0
DA:85,4
DA:87,4
DA:88,4
DA:89,1
DA:90,3
DA:92,3
DA:93,3
DA:96,3
DA:97,12
DA:98,9
DA:99,9
DA:100,9
DA:102,3
DA:103,3
DA:105,3
DA:106,5
DA:108,5
DA:109,5
DA:110,5
DA:111,1
DA:112,4
DA:113,4
DA:114,0
DA:115,4
DA:117,4
DA:118,4
DA:120,4
DA:121,1
DA:122,3
DA:124,3
DA:125,3
DA:126,5
DA:128,5
DA:129,5
DA:130,5
DA:131,1
DA:132,4
DA:133,4
DA:134,0
DA:135,4
DA:137,4
DA:138,4
DA:139,4
DA:140,4
DA:141,5
DA:149,1
DA:150,1
DA:151,1
DA:152,1
DA:153,1
DA:156,1
DA:157,1
DA:158,1
DA:159,1
DA:160,1
DA:161,1
DA:162,1
DA:163,1
DA:164,1
DA:167,1
DA:168,1
DA:169,1
DA:170,1
DA:171,1
DA:172,1
DA:173,1
DA:174,1
DA:175,1
DA:176,1
DA:179,1
DA:180,1
DA:181,1
DA:182,1
DA:183,1
DA:186,1
DA:187,1
DA:188,1
DA:189,1
DA:190,1
DA:193,1
DA:194,1
DA:195,32
DA:196,32
DA:198,1
DA:199,1
DA:202,1
DA:203,1
DA:204,1
DA:205,1
DA:206,1
DA:207,1
DA:210,1
DA:211,1
DA:212,1
DA:215,1
DA:216,1
DA:217,1
DA:218,1
DA:219,1
DA:220,1
DA:223,1
DA:224,1
DA:225,1
DA:226,1
DA:227,1
DA:228,1
DA:229,1
BRF:0
BRH:0
LF:152
LH:147
end_of_record
SF:/Users/r/git/pulseengine/relay/crates/relay-to/plain/src/engine.rs
FN:27,_RNvMNtCsctRpVadTLWK_8relay_to6engineNtB2_12Subscription5empty
FN:52,_RNvMs_NtCsctRpVadTLWK_8relay_to6engineNtB4_17SubscriptionTable11unsubscribe
FN:85,_RNvMs_NtCsctRpVadTLWK_8relay_to6engineNtB4_17SubscriptionTable16get_active_count
FN:33,_RNvMs_NtCsctRpVadTLWK_8relay_to6engineNtB4_17SubscriptionTable3new
FN:67,_RNvMs_NtCsctRpVadTLWK_8relay_to6engineNtB4_17SubscriptionTable8evaluate
FN:41,_RNvMs_NtCsctRpVadTLWK_8relay_to6engineNtB4_17SubscriptionTable9subscribe
FN:104,_RNvNtNtCsctRpVadTLWK_8relay_to6engine5testss_16test_empty_table
FN:133,_RNvNtNtCsctRpVadTLWK_8relay_to6engine5testss_16test_unsubscribe
FN:151,_RNvNtNtCsctRpVadTLWK_8relay_to6engine5testss_17test_active_count
FN:142,_RNvNtNtCsctRpVadTLWK_8relay_to6engine5testss_18test_bounded_table
FN:118,_RNvNtNtCsctRpVadTLWK_8relay_to6engine5testss_19test_not_subscribed
FN:125,_RNvNtNtCsctRpVadTLWK_8relay_to6engine5testss_26test_disabled_subscription
FN:111,_RNvNtNtCsctRpVadTLWK_8relay_to6engine5testss_26test_subscribe_and_include
FNDA:7,_RNvMNtCsctRpVadTLWK_8relay_to6engineNtB2_12Subscription5empty
FNDA:4,_RNvMs_NtCsctRpVadTLWK_8relay_to6engineNtB4_17SubscriptionTable11unsubscribe
FNDA:4,_RNvMs_NtCsctRpVadTLWK_8relay_to6engineNtB4_17SubscriptionTable16get_active_count
FNDA:7,_RNvMs_NtCsctRpVadTLWK_8relay_to6engineNtB4_17SubscriptionTable3new
FNDA:4,_RNvMs_NtCsctRpVadTLWK_8relay_to6engineNtB4_17SubscriptionTable8evaluate
FNDA:136,_RNvMs_NtCsctRpVadTLWK_8relay_to6engineNtB4_17SubscriptionTable9subscribe
FNDA:1,_RNvNtNtCsctRpVadTLWK_8relay_to6engine5testss_16test_empty_table
FNDA:1,_RNvNtNtCsctRpVadTLWK_8relay_to6engine5testss_16test_unsubscribe
FNDA:1,_RNvNtNtCsctRpVadTLWK_8relay_to6engine5testss_17test_active_count
FNDA:1,_RNvNtNtCsctRpVadTLWK_8relay_to6engine5testss_18test_bounded_table
FNDA:1,_RNvNtNtCsctRpVadTLWK_8relay_to6engine5testss_19test_not_subscribed
FNDA:1,_RNvNtNtCsctRpVadTLWK_8relay_to6engine5testss_26test_disabled_subscription
FNDA:1,_RNvNtNtCsctRpVadTLWK_8relay_to6engine5testss_26test_subscribe_and_include
FNF:13
FNH:13
DA:27,7
DA:28,7
DA:29,7
DA:33,7
DA:34,7
DA:35,7
DA:36,7
DA:37,7
DA:38,7
DA:41,136
DA:42,136
DA:43,1
DA:44,135
DA:45,135
DA:46,135
DA:47,135
DA:48,135
DA:49,136
DA:52,4
DA:53,4
DA:54,4
DA:55,6
DA:56,5
DA:57,5
DA:58,3
DA:59,3
DA:60,2
DA:61,2
DA:63,1
DA:64,4
DA:67,4
DA:68,4
DA:69,4
DA:70,5
DA:71,3
DA:72,3
DA:73,2
DA:74,1
DA:76,1
DA:78,1
DA:79,1
DA:81,2
DA:82,4
DA:85,4
DA:86,4
DA:87,4
DA:88,4
DA:89,11
DA:90,7
DA:91,5
DA:92,5
DA:93,7
DA:95,4
DA:96,4
DA:104,1
DA:105,1
DA:106,1
DA:107,1
DA:108,1
DA:111,1
DA:112,1
DA:113,1
DA:114,1
DA:115,1
DA:118,1
DA:119,1
DA:120,1
DA:121,1
DA:122,1
DA:125,1
DA:126,1
DA:127,1
DA:128,1
DA:129,1
DA:130,1
DA:133,1
DA:134,1
DA:135,1
DA:136,1
DA:137,1
DA:138,1
DA:139,1
DA:142,1
DA:143,1
DA:144,128
DA:145,128
DA:147,1
DA:148,1
DA:151,1
DA:152,1
DA:153,1
DA:154,1
DA:155,1
DA:156,1
DA:157,1
DA:158,1
DA:159,1
BRF:0
BRH:0
LF:97
LH:97
end_of_record
SF:/Users/r/git/pulseengine/relay/host/relay-sb/src/core.rs
FN:49,_RNvMNtCshvu47QZdqEO_8relay_sb4coreNtB2_12ChannelEntry3new
FN:171,_RNvMs0_NtCshvu47QZdqEO_8relay_sb4coreNtB5_12MessageQueue3new
FN:178,_RNvMs0_NtCshvu47QZdqEO_8relay_sb4coreNtB5_12MessageQueue4push
FN:207,_RNvMs1_NtCshvu47QZdqEO_8relay_sb4coreNtB5_11SoftwareBus11unsubscribe
FN:244,_RNvMs1_NtCshvu47QZdqEO_8relay_sb4coreNtB5_11SoftwareBus15get_subscribers
FN:189,_RNvMs1_NtCshvu47QZdqEO_8relay_sb4coreNtB5_11SoftwareBus3new
FN:249,_RNvMs1_NtCshvu47QZdqEO_8relay_sb4coreNtB5_11SoftwareBus5stats
FN:217,_RNvMs1_NtCshvu47QZdqEO_8relay_sb4coreNtB5_11SoftwareBus7publish
FN:198,_RNvMs1_NtCshvu47QZdqEO_8relay_sb4coreNtB5_11SoftwareBus9subscribe
FN:132,_RNvMs_NtCshvu47QZdqEO_8relay_sb4coreNtB4_17SubscriptionTable11unsubscribe
FN:100,_RNvMs_NtCshvu47QZdqEO_8relay_sb4coreNtB4_17SubscriptionTable12find_channel
FN:151,_RNvMs_NtCshvu47QZdqEO_8relay_sb4coreNtB4_17SubscriptionTable15get_subscribers
FN:161,_RNvMs_NtCshvu47QZdqEO_8relay_sb4coreNtB4_17SubscriptionTable16subscriber_count
FN:104,_RNvMs_NtCshvu47QZdqEO_8relay_sb4coreNtB4_17SubscriptionTable21get_or_create_channel
FN:94,_RNvMs_NtCshvu47QZdqEO_8relay_sb4coreNtB4_17SubscriptionTable3new
FN:115,_RNvMs_NtCshvu47QZdqEO_8relay_sb4coreNtB4_17SubscriptionTable9subscribe
FN:101,_RNCNvMs_NtCshvu47QZdqEO_8relay_sb4coreNtB6_17SubscriptionTable12find_channel0B8_
FN:270,_RNvNtNtCshvu47QZdqEO_8relay_sb4core5testss_16test_unsubscribe
FN:311,_RNvNtNtCshvu47QZdqEO_8relay_sb4core5testss_19test_stats_tracking
FN:298,_RNvNtNtCshvu47QZdqEO_8relay_sb4core5testss_22test_channel_isolation
FN:259,_RNvNtNtCshvu47QZdqEO_8relay_sb4core5testss_22test_subscribe_and_get
FN:281,_RNvNtNtCshvu47QZdqEO_8relay_sb4core5testss_27test_publish_no_subscribers
FN:358,_RNvNtNtCshvu47QZdqEO_8relay_sb4core5testss_28test_stats_after_unsubscribe
FN:321,_RNvNtNtCshvu47QZdqEO_8relay_sb4core5testss_28test_unsubscribe_nonexistent
FN:347,_RNvNtNtCshvu47QZdqEO_8relay_sb4core5testss_29test_queue_full_drops_message
FN:328,_RNvNtNtCshvu47QZdqEO_8relay_sb4core5testss_32test_max_subscribers_per_channel
FN:288,_RNvNtNtCshvu47QZdqEO_8relay_sb4core5testss_33test_publish_multiple_subscribers
FN:338,_RNvNtNtCshvu47QZdqEO_8relay_sb4core5testss_35test_duplicate_subscribe_idempotent
FNDA:10,_RNvMNtCshvu47QZdqEO_8relay_sb4coreNtB2_12ChannelEntry3new
FNDA:11,_RNvMs0_NtCshvu47QZdqEO_8relay_sb4coreNtB5_12MessageQueue3new
FNDA:5,_RNvMs0_NtCshvu47QZdqEO_8relay_sb4coreNtB5_12MessageQueue4push
FNDA:3,_RNvMs1_NtCshvu47QZdqEO_8relay_sb4coreNtB5_11SoftwareBus11unsubscribe
FNDA:5,_RNvMs1_NtCshvu47QZdqEO_8relay_sb4coreNtB5_11SoftwareBus15get_subscribers
FNDA:11,_RNvMs1_NtCshvu47QZdqEO_8relay_sb4coreNtB5_11SoftwareBus3new
FNDA:6,_RNvMs1_NtCshvu47QZdqEO_8relay_sb4coreNtB5_11SoftwareBus5stats
FNDA:6,_RNvMs1_NtCshvu47QZdqEO_8relay_sb4coreNtB5_11SoftwareBus7publish
FNDA:32,_RNvMs1_NtCshvu47QZdqEO_8relay_sb4coreNtB5_11SoftwareBus9subscribe
FNDA:3,_RNvMs_NtCshvu47QZdqEO_8relay_sb4coreNtB4_17SubscriptionTable11unsubscribe
FNDA:46,_RNvMs_NtCshvu47QZdqEO_8relay_sb4coreNtB4_17SubscriptionTable12find_channel
FNDA:11,_RNvMs_NtCshvu47QZdqEO_8relay_sb4coreNtB4_17SubscriptionTable15get_subscribers
FNDA:33,_RNvMs_NtCshvu47QZdqEO_8relay_sb4coreNtB4_17SubscriptionTable16subscriber_count
FNDA:32,_RNvMs_NtCshvu47QZdqEO_8relay_sb4coreNtB4_17SubscriptionTable21get_or_create_channel
FNDA:11,_RNvMs_NtCshvu47QZdqEO_8relay_sb4coreNtB4_17SubscriptionTable3new
FNDA:32,_RNvMs_NtCshvu47QZdqEO_8relay_sb4coreNtB4_17SubscriptionTable9subscribe
FNDA:36,_RNCNvMs_NtCshvu47QZdqEO_8relay_sb4coreNtB6_17SubscriptionTable12find_channel0B8_
FNDA:1,_RNvNtNtCshvu47QZdqEO_8relay_sb4core5testss_16test_unsubscribe
FNDA:1,_RNvNtNtCshvu47QZdqEO_8relay_sb4core5testss_19test_stats_tracking
FNDA:1,_RNvNtNtCshvu47QZdqEO_8relay_sb4core5testss_22test_channel_isolation
FNDA:1,_RNvNtNtCshvu47QZdqEO_8relay_sb4core5testss_22test_subscribe_and_get
FNDA:1,_RNvNtNtCshvu47QZdqEO_8relay_sb4core5testss_27test_publish_no_subscribers
FNDA:1,_RNvNtNtCshvu47QZdqEO_8relay_sb4core5testss_28test_stats_after_unsubscribe
FNDA:1,_RNvNtNtCshvu47QZdqEO_8relay_sb4core5testss_28test_unsubscribe_nonexistent
FNDA:1,_RNvNtNtCshvu47QZdqEO_8relay_sb4core5testss_29test_queue_full_drops_message
FNDA:1,_RNvNtNtCshvu47QZdqEO_8relay_sb4core5testss_32test_max_subscribers_per_channel
FNDA:1,_RNvNtNtCshvu47QZdqEO_8relay_sb4core5testss_33test_publish_multiple_subscribers
FNDA:1,_RNvNtNtCshvu47QZdqEO_8relay_sb4core5testss_35test_duplicate_subscribe_idempotent
FNF:28
FNH:28
DA:49,10
DA:50,10
DA:51,10
DA:52,10
DA:53,10
DA:54,10
DA:55,10
DA:94,11
DA:95,11
DA:96,11
DA:97,11
DA:98,11
DA:100,46
DA:101,46
DA:102,46
DA:104,32
DA:105,32
DA:106,22
DA:107,10
DA:108,10
DA:109,0
DA:110,10
DA:111,10
DA:112,10
DA:113,32
DA:115,32
DA:116,32
DA:117,32
DA:119,143
DA:120,143
DA:121,1
DA:122,142
DA:124,31
DA:125,1
DA:126,30
DA:127,30
DA:128,30
DA:129,30
DA:130,32
DA:132,3
DA:133,3
DA:134,2
DA:135,2
DA:136,2
DA:137,2
DA:139,2
DA:140,2
DA:141,2
DA:142,2
DA:143,0
DA:145,2
DA:146,0
DA:147,2
DA:148,2
DA:149,3
DA:151,11
DA:152,11
DA:153,10
DA:154,10
DA:155,10
DA:157,1
DA:159,11
DA:161,33
DA:162,33
DA:163,34
DA:164,34
DA:165,34
DA:166,33
DA:167,33
DA:171,11
DA:172,11
DA:173,11
DA:174,11
DA:175,11
DA:176,11
DA:178,5
DA:179,5
DA:180,1
DA:181,4
DA:182,4
DA:183,4
DA:184,5
DA:189,11
DA:190,11
DA:191,11
DA:192,11
DA:193,11
DA:194,11
DA:195,11
DA:198,32
DA:199,32
DA:200,32
DA:201,31
DA:202,31
DA:203,32
DA:204,32
DA:207,3
DA:208,3
DA:209,3
DA:210,2
DA:211,2
DA:212,3
DA:213,3
DA:217,6
DA:218,6
DA:219,6
DA:220,6
DA:221,6
DA:222,6
DA:223,6
DA:224,6
DA:225,1
DA:226,5
DA:227,5
DA:228,5
DA:229,5
DA:230,5
DA:231,5
DA:232,5
DA:233,5
DA:234,5
DA:235,4
DA:236,4
DA:237,1
DA:238,1
DA:240,4
DA:241,6
DA:244,5
DA:245,5
DA:246,5
DA:249,6
DA:250,6
DA:251,6
DA:259,1
DA:260,1
DA:261,1
DA:262,1
DA:263,1
DA:264,1
DA:265,1
DA:266,1
DA:267,1
DA:270,1
DA:271,1
DA:272,1
DA:273,1
DA:274,1
DA:275,1
DA:276,1
DA:277,1
DA:278,1
DA:281,1
DA:282,1
DA:283,1
DA:284,1
DA:285,1
DA:288,1
DA:289,1
DA:290,1
DA:291,1
DA:292,1
DA:293,1
DA:294,1
DA:295,1
DA:298,1
DA:299,1
DA:300,1
DA:301,1
DA:302,1
DA:303,1
DA:304,1
DA:305,1
DA:306,1
DA:307,1
DA:308,1
DA:311,1
DA:312,1
DA:313,1
DA:314,1
DA:315,1
DA:316,1
DA:317,1
DA:318,1
DA:321,1
DA:322,1
DA:323,1
DA:324,1
DA:325,1
DA:328,1
DA:329,1
DA:330,16
DA:331,16
DA:332,16
DA:333,1
DA:334,1
DA:335,1
DA:338,1
DA:339,1
DA:340,1
DA:341,1
DA:342,1
DA:343,1
DA:344,1
DA:347,1
DA:348,1
DA:349,1
DA:350,1
DA:351,1
DA:352,1
DA:353,1
DA:354,1
DA:355,1
DA:358,1
DA:359,1
DA:360,1
DA:361,1
DA:362,1
DA:363,1
DA:364,1
DA:365,1
BRF:0
BRH:0
LF:221
LH:218
end_of_record
SF:/Users/r/git/pulseengine/relay/host/witness-wasi-harness/src/main.rs
FN:208,_RNCNCNvCs44S3p64Pbi0_20witness_wasi_harness10parse_args00B5_
FN:210,_RNCNCNvCs44S3p64Pbi0_20witness_wasi_harness10parse_args0s0_0B5_
FN:211,_RNCNCNvCs44S3p64Pbi0_20witness_wasi_harness10parse_args0s1_0B5_
FN:209,_RNCNCNvCs44S3p64Pbi0_20witness_wasi_harness10parse_args0s_0B5_
FN:206,_RNCNvCs44S3p64Pbi0_20witness_wasi_harness10parse_args0B3_
FN:260,_RNCNvCs44S3p64Pbi0_20witness_wasi_harness35define_stubs_for_unresolved_imports0B3_
FN:60,_RNCNvCs44S3p64Pbi0_20witness_wasi_harness4main0B3_
FN:98,_RNCNvCs44S3p64Pbi0_20witness_wasi_harness4mains0_0B3_
FN:109,_RNCNvCs44S3p64Pbi0_20witness_wasi_harness4mains1_0B3_
FN:175,_RNCNvCs44S3p64Pbi0_20witness_wasi_harness4mains2_0B3_
FN:186,_RNvCs44S3p64Pbi0_20witness_wasi_harness10parse_args
FN:241,_RNvCs44S3p64Pbi0_20witness_wasi_harness35define_stubs_for_unresolved_imports
FN:42,_RNvCs44S3p64Pbi0_20witness_wasi_harness4main
FN:221,_RNvCs44S3p64Pbi0_20witness_wasi_harness8zero_val
FNDA:0,_RNCNCNvCs44S3p64Pbi0_20witness_wasi_harness10parse_args00B5_
FNDA:0,_RNCNCNvCs44S3p64Pbi0_20witness_wasi_harness10parse_args0s0_0B5_
FNDA:0,_RNCNCNvCs44S3p64Pbi0_20witness_wasi_harness10parse_args0s1_0B5_
FNDA:0,_RNCNCNvCs44S3p64Pbi0_20witness_wasi_harness10parse_args0s_0B5_
FNDA:0,_RNCNvCs44S3p64Pbi0_20witness_wasi_harness10parse_args0B3_
FNDA:0,_RNCNvCs44S3p64Pbi0_20witness_wasi_harness35define_stubs_for_unresolved_imports0B3_
FNDA:0,_RNCNvCs44S3p64Pbi0_20witness_wasi_harness4main0B3_
FNDA:0,_RNCNvCs44S3p64Pbi0_20witness_wasi_harness4mains0_0B3_
FNDA:0,_RNCNvCs44S3p64Pbi0_20witness_wasi_harness4mains1_0B3_
FNDA:0,_RNCNvCs44S3p64Pbi0_20witness_wasi_harness4mains2_0B3_
FNDA:0,_RNvCs44S3p64Pbi0_20witness_wasi_harness10parse_args
FNDA:0,_RNvCs44S3p64Pbi0_20witness_wasi_harness35define_stubs_for_unresolved_imports
FNDA:0,_RNvCs44S3p64Pbi0_20witness_wasi_harness4main
FNDA:0,_RNvCs44S3p64Pbi0_20witness_wasi_harness8zero_val
FNF:14
FNH:0
DA:42,0
DA:43,0
DA:44,0
DA:45,0
DA:48,0
DA:49,0
DA:50,0
DA:51,0
DA:53,0
DA:55,0
DA:56,0
DA:57,0
DA:59,0
DA:60,0
DA:61,0
DA:68,0
DA:69,0
DA:70,0
DA:71,0
DA:77,0
DA:79,0
DA:97,0
DA:98,0
DA:99,0
DA:100,0
DA:101,0
DA:102,0
DA:103,0
DA:104,0
DA:105,0
DA:107,0
DA:108,0
DA:109,0
DA:110,0
DA:111,0
DA:112,0
DA:114,0
DA:115,0
DA:116,0
DA:118,0
DA:119,0
DA:120,0
DA:121,0
DA:122,0
DA:123,0
DA:124,0
DA:127,0
DA:128,0
DA:129,0
DA:130,0
DA:131,0
DA:134,0
DA:135,0
DA:136,0
DA:137,0
DA:138,0
DA:139,0
DA:140,0
DA:141,0
DA:142,0
DA:143,0
DA:144,0
DA:145,0
DA:146,0
DA:149,0
DA:153,0
DA:154,0
DA:155,0
DA:156,0
DA:157,0
DA:158,0
DA:159,0
DA:160,0
DA:161,0
DA:162,0
DA:163,0
DA:166,0
DA:168,0
DA:170,0
DA:171,0
DA:172,0
DA:173,0
DA:174,0
DA:175,0
DA:176,0
DA:177,0
DA:178,0
DA:186,0
DA:188,0
DA:189,0
DA:190,0
DA:191,0
DA:193,0
DA:195,0
DA:196,0
DA:197,0
DA:198,0
DA:199,0
DA:200,0
DA:201,0
DA:202,0
DA:203,0
DA:204,0
DA:205,0
DA:206,0
DA:207,0
DA:208,0
DA:209,0
DA:210,0
DA:211,0
DA:212,0
DA:214,0
DA:215,0
DA:216,0
DA:221,0
DA:223,0
DA:224,0
DA:225,0
DA:226,0
DA:227,0
DA:228,0
DA:231,0
DA:233,0
DA:241,0
DA:242,0
DA:243,0
DA:244,0
DA:245,0
DA:246,0
DA:247,0
DA:248,0
DA:249,0
DA:250,0
DA:252,0
DA:256,0
DA:257,0
DA:258,0
DA:259,0
DA:260,0
DA:261,0
DA:262,0
DA:263,0
DA:264,0
DA:265,0
DA:267,0
DA:270,0
DA:271,0
DA:272,0
DA:273,0
DA:274,0
DA:276,0
DA:277,0
BRF:0
BRH:0
LF:161
LH:0
end_of_record